<?xml version="1.0" encoding="UTF-8"?>
<!-- Generated by org.testng.reporters.JUnitXMLReporter -->
<testsuite ignored="1" hostname="LAPTOP-TPUJHBBQ" failures="0" tests="9" name="ItemandInventory" time="41.603" errors="0" timestamp="2021-04-02T17:15:21 IST">
  <testcase classname="TestItemandInventory.InventorylocationsTest" name="Login" time="5.478"/>
  <testcase classname="TestItemandInventory.InventorylocationsTest" name="AddInventoryLocation" time="2.436"/>
  <testcase classname="TestItemandInventory.UnitofmeasureTest" name="login" time="3.011"/>
  <testcase classname="TestItemandInventory.UnitofmeasureTest" name="AddUnitofMeasure" time="2.83"/>
  <testcase classname="TestItemandInventory.InventoryTest" name="TestLogin" time="3.844"/>
  <testcase classname="TestItemandInventory.InventoryTest" name="TestAddInventoryLocation" time="3.499"/>
  <testcase classname="TestItemandInventory.InventoryTest" name="TestAddUnitofMeasure" time="1.696"/>
  <testcase classname="TestItemandInventory.ItemsTest" name="login" time="2.527"/>
  <testcase classname="TestItemandInventory.ItemsTest" name="AddItem" time="8.852"/>
  <testcase classname="TestItemandInventory.InventoryTest" name="TestAddItem" time="0.0">
    <ignored/>
  </testcase> <!-- TestAddItem -->
</testsuite> <!-- ItemandInventory -->
