<?xml version="1.0" encoding="UTF-8"?>
<!-- Generated by org.testng.reporters.JUnitXMLReporter -->
<testsuite ignored="1" hostname="LAPTOP-TPUJHBBQ" failures="0" tests="9" name="Test" time="51.439" errors="0" timestamp="2021-04-01T13:27:24 IST">
  <testcase classname="TestItemandInventory.TestInventorylocations" name="Login" time="6.122"/>
  <testcase classname="TestItemandInventory.TestInventorylocations" name="AddInventoryLocation" time="3.417"/>
  <testcase classname="TestItemandInventory.TestUnitofmeasure" name="login" time="3.838"/>
  <testcase classname="TestItemandInventory.TestUnitofmeasure" name="AddUnitofMeasure" time="3.415"/>
  <testcase classname="TestItemandInventory.TestInventory" name="TestLogin" time="6.154"/>
  <testcase classname="TestItemandInventory.TestInventory" name="TestAddInventoryLocation" time="2.809"/>
  <testcase classname="TestItemandInventory.TestInventory" name="TestAddUnitofMeasure" time="2.203"/>
  <testcase classname="TestItemandInventory.TestItems" name="login" time="4.818"/>
  <testcase classname="TestItemandInventory.TestItems" name="AddItem" time="11.236"/>
  <testcase classname="TestItemandInventory.TestInventory" name="TestAddItem" time="0.0">
    <ignored/>
  </testcase> <!-- TestAddItem -->
</testsuite> <!-- Test -->
