<?xml version="1.0" encoding="UTF-8"?>
<!-- Generated by org.testng.reporters.JUnitXMLReporter -->
<testsuite ignored="0" hostname="LAPTOP-TPUJHBBQ" failures="0" tests="12" name="Testsales" time="66.277" errors="0" timestamp="2021-04-02T17:16:28 IST">
  <testcase classname="Testsales.TestLogin" name="Launchbrowser" time="3.084"/>
  <testcase classname="Testsales.TestLogin" name="Login" time="2.17"/>
  <testcase classname="Testsales.TestLogin" name="Logout" time="0.208"/>
  <testcase classname="TestLogin.CredentialsTest" name="TestvalidateLogin" time="3.077"/>
  <testcase classname="TestLogin.CredentialsTest" name="TestvalidateLogin" time="2.123"/>
  <testcase classname="TestLogin.CredentialsTest" name="TestvalidateLogin" time="2.418"/>
  <testcase classname="Testsales.Testsalestype" name="Login" time="8.302"/>
  <testcase classname="Testsales.Testsalestype" name="AddSalestype" time="1.644"/>
  <testcase classname="Testsales.Testsalesgroup" name="Login" time="14.425"/>
  <testcase classname="Testsales.Testsalesgroup" name="AddSalesgroup" time="10.531"/>
  <testcase classname="Testsales.Testsalesperson" name="Login" time="2.36"/>
  <testcase classname="Testsales.Testsalesperson" name="AddSalesperson" time="3.884"/>
</testsuite> <!-- Testsales -->
