<?xml version="1.0" encoding="UTF-8"?>
<!-- Generated by org.testng.reporters.JUnitXMLReporter -->
<testsuite ignored="0" hostname="LAPTOP-TPUJHBBQ" failures="0" tests="2" name="BankingandLedger" time="0.006" errors="0" timestamp="2021-05-11T18:55:24 IST">
  <testcase classname="BankingandLedger.BankAccountsTest" name="@BeforeClass Setup" time="-1.620739524332E9">
    <failure type="org.testng.TestNGException" message="
Parameter &amp;apos;Browser&amp;apos; is required by BeforeClass on method Setup but has not been marked @Optional or defined
in E:\Localrep\Fastjavaproject560\testng.xml">
      <![CDATA[org.testng.TestNGException: 
Parameter 'Browser' is required by BeforeClass on method Setup but has not been marked @Optional or defined
in E:\Localrep\Fastjavaproject560\testng.xml
at java.base/java.util.ArrayList.forEach(ArrayList.java:1541)
... Removed 26 stack frames]]>
    </failure>
  </testcase> <!-- @BeforeClass Setup -->
  <testcase classname="BankingandLedger.BankAccountsTest" name="@AfterClass teardown" time="-1.620739524336E9">
    <skipped/>
  </testcase> <!-- @AfterClass teardown -->
  <testcase classname="BankingandLedger.BankAccountsTest" name="login" time="0.0">
    <skipped/>
  </testcase> <!-- login -->
  <testcase classname="BankingandLedger.BankAccountsTest" name="AddBankAccounts" time="0.0">
    <skipped/>
  </testcase> <!-- AddBankAccounts -->
</testsuite> <!-- BankingandLedger -->
