<?xml version="1.0" encoding="UTF-8"?>
<!-- Generated by org.testng.reporters.JUnitXMLReporter -->
<testsuite ignored="1" hostname="LAPTOP-TPUJHBBQ" failures="0" tests="10" name="ItemandInventory" time="23.906" errors="0" timestamp="2021-05-06T19:35:28 IST">
  <testcase classname="TestItemandInventory.InventorylocationsTest" name="Login" time="1.776"/>
  <testcase classname="TestItemandInventory.InventorylocationsTest" name="AddInventoryLocation" time="1.676"/>
  <testcase classname="TestItemandInventory.UnitofmeasureTest" name="login" time="1.341"/>
  <testcase classname="TestItemandInventory.UnitofmeasureTest" name="AddUnitofMeasure" time="0.879"/>
  <testcase classname="TestItemandInventory.UnitofmeasureTest" name="Logout" time="0.327"/>
  <testcase classname="TestItemandInventory.InventoryTest" name="TestLogin" time="1.318"/>
  <testcase classname="TestItemandInventory.InventoryTest" name="TestAddInventoryLocation" time="1.158"/>
  <testcase classname="TestItemandInventory.InventoryTest" name="TestAddUnitofMeasure" time="1.092"/>
  <testcase classname="TestItemandInventory.ItemsTest" name="login" time="1.287"/>
  <testcase classname="TestItemandInventory.ItemsTest" name="AddItem" time="7.309"/>
  <testcase classname="TestItemandInventory.InventoryTest" name="TestAddItem" time="0.0">
    <ignored/>
  </testcase> <!-- TestAddItem -->
</testsuite> <!-- ItemandInventory -->
