<?xml version="1.0" encoding="UTF-8"?>
<!-- Generated by org.testng.reporters.JUnitXMLReporter -->
<testsuite ignored="0" hostname="LAPTOP-TPUJHBBQ" failures="0" tests="12" name="Testsales" time="53.819" errors="0" timestamp="2021-05-18T21:03:59 IST">
  <testcase classname="Testsales.TestLogin" name="Launchbrowser" time="2.334"/>
  <testcase classname="Testsales.TestLogin" name="Login" time="1.121"/>
  <testcase classname="Testsales.TestLogin" name="Logout" time="0.073"/>
  <testcase classname="TestLogin.CredentialsTest" name="TestvalidateLogin" time="1.699"/>
  <testcase classname="TestLogin.CredentialsTest" name="TestvalidateLogin" time="1.17"/>
  <testcase classname="TestLogin.CredentialsTest" name="TestvalidateLogin" time="1.302"/>
  <testcase classname="Testsales.Testsalestype" name="Login" time="6.968"/>
  <testcase classname="Testsales.Testsalestype" name="AddSalestype" time="1.481"/>
  <testcase classname="Testsales.Testsalesgroup" name="Login" time="12.061"/>
  <testcase classname="Testsales.Testsalesgroup" name="AddSalesgroup" time="8.867"/>
  <testcase classname="Testsales.Testsalesperson" name="Login" time="1.945"/>
  <testcase classname="Testsales.Testsalesperson" name="AddSalesperson" time="3.011"/>
</testsuite> <!-- Testsales -->
