<?xml version="1.0" encoding="UTF-8"?>
<testng-results ignored="1" total="25" passed="23" failed="1" skipped="0">
  <reporter-output>
  </reporter-output>
  <suite started-at="2021-05-18T21:02:30 IST" name="Suite" finished-at="2021-05-18T21:04:06 IST" duration-ms="95781">
    <groups>
      <group name="SmokeTest">
        <method signature="TestLogin.Launchbrowser(java.lang.String,java.lang.String)[pri:1, instance:Testsales.TestLogin@383bfa16]" name="Launchbrowser" class="Testsales.TestLogin"/>
        <method signature="TestLogin.Login(java.lang.String,java.lang.String)[pri:2, instance:Testsales.TestLogin@383bfa16]" name="Login" class="Testsales.TestLogin"/>
        <method signature="TestLogin.Logout()[pri:3, instance:Testsales.TestLogin@383bfa16]" name="Logout" class="Testsales.TestLogin"/>
        <method signature="Testsalesgroup.AddSalesgroup(java.lang.String,java.lang.String,java.lang.String)[pri:2, instance:Testsales.Testsalesgroup@5562c41e]" name="AddSalesgroup" class="Testsales.Testsalesgroup"/>
        <method signature="Testsalesgroup.Login(java.lang.String,java.lang.String,java.lang.String)[pri:1, instance:Testsales.Testsalesgroup@5562c41e]" name="Login" class="Testsales.Testsalesgroup"/>
        <method signature="Testsalestype.AddSalestype()[pri:2, instance:Testsales.Testsalestype@53fdffa1]" name="AddSalestype" class="Testsales.Testsalestype"/>
        <method signature="Testsalestype.Login(java.lang.String,java.lang.String,java.lang.String)[pri:1, instance:Testsales.Testsalestype@53fdffa1]" name="Login" class="Testsales.Testsalestype"/>
      </group> <!-- SmokeTest -->
      <group name="Regression">
        <method signature="ItemsTest.AddItem()[pri:2, instance:TestItemandInventory.ItemsTest@31e5415e]" name="AddItem" class="TestItemandInventory.ItemsTest"/>
        <method signature="ItemsTest.login(java.lang.String)[pri:1, instance:TestItemandInventory.ItemsTest@31e5415e]" name="login" class="TestItemandInventory.ItemsTest"/>
      </group> <!-- Regression -->
    </groups>
    <test started-at="2021-05-18T21:02:30 IST" name="ItemandInventory" finished-at="2021-05-18T21:03:06 IST" duration-ms="35527">
      <class name="TestItemandInventory.ItemsTest">
        <test-method is-config="true" signature="Setup(java.lang.String)[pri:0, instance:TestItemandInventory.ItemsTest@31e5415e]" started-at="2021-05-18T21:02:53 IST" name="Setup" finished-at="2021-05-18T21:02:55 IST" duration-ms="1792" status="PASS">
          <params>
            <param index="0">
              <value>
                <![CDATA[Chrome]]>
              </value>
            </param>
          </params>
          <reporter-output>
          </reporter-output>
        </test-method> <!-- Setup -->
        <test-method signature="login(java.lang.String)[pri:1, instance:TestItemandInventory.ItemsTest@31e5415e]" started-at="2021-05-18T21:02:55 IST" name="login" finished-at="2021-05-18T21:02:56 IST" duration-ms="1786" status="PASS">
          <params>
            <param index="0">
              <value>
                <![CDATA[http://apps.qaplanet.in/erp/index.php]]>
              </value>
            </param>
          </params>
          <reporter-output>
          </reporter-output>
        </test-method> <!-- login -->
        <test-method signature="AddItem()[pri:2, instance:TestItemandInventory.ItemsTest@31e5415e]" started-at="2021-05-18T21:02:56 IST" name="AddItem" finished-at="2021-05-18T21:03:06 IST" duration-ms="9091" status="PASS">
          <reporter-output>
          </reporter-output>
        </test-method> <!-- AddItem -->
        <test-method is-config="true" signature="teardown()[pri:0, instance:TestItemandInventory.ItemsTest@31e5415e]" started-at="2021-05-18T21:03:06 IST" name="teardown" finished-at="2021-05-18T21:03:06 IST" duration-ms="72" status="PASS">
          <reporter-output>
          </reporter-output>
        </test-method> <!-- teardown -->
      </class> <!-- TestItemandInventory.ItemsTest -->
      <class name="TestItemandInventory.UnitofmeasureTest">
        <test-method is-config="true" signature="setup(java.lang.String)[pri:0, instance:TestItemandInventory.UnitofmeasureTest@4e096385]" started-at="2021-05-18T21:02:38 IST" name="setup" finished-at="2021-05-18T21:02:40 IST" duration-ms="2524" status="PASS">
          <params>
            <param index="0">
              <value>
                <![CDATA[Chrome]]>
              </value>
            </param>
          </params>
          <reporter-output>
          </reporter-output>
        </test-method> <!-- setup -->
        <test-method signature="login(java.lang.String)[pri:1, instance:TestItemandInventory.UnitofmeasureTest@4e096385]" started-at="2021-05-18T21:02:40 IST" name="login" finished-at="2021-05-18T21:02:43 IST" duration-ms="2087" status="PASS">
          <params>
            <param index="0">
              <value>
                <![CDATA[http://apps.qaplanet.in/erp/index.php]]>
              </value>
            </param>
          </params>
          <reporter-output>
          </reporter-output>
        </test-method> <!-- login -->
        <test-method signature="AddUnitofMeasure()[pri:2, instance:TestItemandInventory.UnitofmeasureTest@4e096385]" started-at="2021-05-18T21:02:43 IST" name="AddUnitofMeasure" finished-at="2021-05-18T21:02:44 IST" duration-ms="1734" status="PASS">
          <reporter-output>
          </reporter-output>
        </test-method> <!-- AddUnitofMeasure -->
        <test-method signature="Logout()[pri:3, instance:TestItemandInventory.UnitofmeasureTest@4e096385]" started-at="2021-05-18T21:02:44 IST" name="Logout" finished-at="2021-05-18T21:02:45 IST" duration-ms="362" status="PASS">
          <reporter-output>
          </reporter-output>
        </test-method> <!-- Logout -->
        <test-method is-config="true" signature="teardown()[pri:0, instance:TestItemandInventory.UnitofmeasureTest@4e096385]" started-at="2021-05-18T21:02:45 IST" name="teardown" finished-at="2021-05-18T21:02:45 IST" duration-ms="74" status="PASS">
          <reporter-output>
          </reporter-output>
        </test-method> <!-- teardown -->
      </class> <!-- TestItemandInventory.UnitofmeasureTest -->
      <class name="TestItemandInventory.InventorylocationsTest">
        <test-method is-config="true" signature="setup(java.lang.String)[pri:0, instance:TestItemandInventory.InventorylocationsTest@cad498c]" started-at="2021-05-18T21:02:30 IST" name="setup" finished-at="2021-05-18T21:02:33 IST" duration-ms="2563" status="PASS">
          <params>
            <param index="0">
              <value>
                <![CDATA[Chrome]]>
              </value>
            </param>
          </params>
          <reporter-output>
          </reporter-output>
        </test-method> <!-- setup -->
        <test-method signature="Login(java.lang.String)[pri:1, instance:TestItemandInventory.InventorylocationsTest@cad498c]" started-at="2021-05-18T21:02:33 IST" name="Login" finished-at="2021-05-18T21:02:35 IST" duration-ms="1985" status="PASS">
          <params>
            <param index="0">
              <value>
                <![CDATA[http://apps.qaplanet.in/erp/index.php]]>
              </value>
            </param>
          </params>
          <reporter-output>
          </reporter-output>
        </test-method> <!-- Login -->
        <test-method signature="AddInventoryLocation()[pri:2, instance:TestItemandInventory.InventorylocationsTest@cad498c]" started-at="2021-05-18T21:02:35 IST" name="AddInventoryLocation" finished-at="2021-05-18T21:02:38 IST" duration-ms="2975" status="FAIL">
          <exception class="org.openqa.selenium.StaleElementReferenceException">
            <message>
              <![CDATA[stale element reference: element is not attached to the page document
  (Session info: chrome=90.0.4430.212)
For documentation on this error, please visit: https://www.seleniumhq.org/exceptions/stale_element_reference.html
Build info: version: '3.141.59', revision: 'e82be7d358', time: '2018-11-14T08:17:03'
System info: host: 'LAPTOP-TPUJHBBQ', ip: '192.168.0.178', os.name: 'Windows 10', os.arch: 'amd64', os.version: '10.0', java.version: '11.0.8'
Driver info: org.openqa.selenium.chrome.ChromeDriver
Capabilities {acceptInsecureCerts: false, browserName: chrome, browserVersion: 90.0.4430.212, chrome: {chromedriverVersion: 90.0.4430.24 (4c6d850f087da..., userDataDir: C:\Users\CVVIVE~1\AppData\L...}, goog:chromeOptions: {debuggerAddress: localhost:64445}, javascriptEnabled: true, networkConnectionEnabled: false, pageLoadStrategy: normal, platform: WINDOWS, platformName: WINDOWS, proxy: Proxy(), setWindowRect: true, strictFileInteractability: false, timeouts: {implicit: 0, pageLoad: 300000, script: 30000}, unhandledPromptBehavior: dismiss and notify, webauthn:extension:largeBlob: true, webauthn:virtualAuthenticators: true}
Session ID: 3d0a63dfd799f80f9f26018f428d556d]]>
            </message>
            <full-stacktrace>
              <![CDATA[org.openqa.selenium.StaleElementReferenceException: stale element reference: element is not attached to the page document
  (Session info: chrome=90.0.4430.212)
For documentation on this error, please visit: https://www.seleniumhq.org/exceptions/stale_element_reference.html
Build info: version: '3.141.59', revision: 'e82be7d358', time: '2018-11-14T08:17:03'
System info: host: 'LAPTOP-TPUJHBBQ', ip: '192.168.0.178', os.name: 'Windows 10', os.arch: 'amd64', os.version: '10.0', java.version: '11.0.8'
Driver info: org.openqa.selenium.chrome.ChromeDriver
Capabilities {acceptInsecureCerts: false, browserName: chrome, browserVersion: 90.0.4430.212, chrome: {chromedriverVersion: 90.0.4430.24 (4c6d850f087da..., userDataDir: C:\Users\CVVIVE~1\AppData\L...}, goog:chromeOptions: {debuggerAddress: localhost:64445}, javascriptEnabled: true, networkConnectionEnabled: false, pageLoadStrategy: normal, platform: WINDOWS, platformName: WINDOWS, proxy: Proxy(), setWindowRect: true, strictFileInteractability: false, timeouts: {implicit: 0, pageLoad: 300000, script: 30000}, unhandledPromptBehavior: dismiss and notify, webauthn:extension:largeBlob: true, webauthn:virtualAuthenticators: true}
Session ID: 3d0a63dfd799f80f9f26018f428d556d
at java.base/jdk.internal.reflect.NativeConstructorAccessorImpl.newInstance0(Native Method)
at java.base/jdk.internal.reflect.NativeConstructorAccessorImpl.newInstance(NativeConstructorAccessorImpl.java:62)
at java.base/jdk.internal.reflect.DelegatingConstructorAccessorImpl.newInstance(DelegatingConstructorAccessorImpl.java:45)
at java.base/java.lang.reflect.Constructor.newInstance(Constructor.java:490)
at org.openqa.selenium.remote.http.W3CHttpResponseCodec.createException(W3CHttpResponseCodec.java:187)
at org.openqa.selenium.remote.http.W3CHttpResponseCodec.decode(W3CHttpResponseCodec.java:122)
at org.openqa.selenium.remote.http.W3CHttpResponseCodec.decode(W3CHttpResponseCodec.java:49)
at org.openqa.selenium.remote.HttpCommandExecutor.execute(HttpCommandExecutor.java:158)
at org.openqa.selenium.remote.service.DriverCommandExecutor.execute(DriverCommandExecutor.java:83)
at org.openqa.selenium.remote.RemoteWebDriver.execute(RemoteWebDriver.java:552)
at org.openqa.selenium.remote.RemoteWebElement.execute(RemoteWebElement.java:285)
at org.openqa.selenium.remote.RemoteWebElement.click(RemoteWebElement.java:84)
at TestItemandInventory.InventorylocationsTest.AddInventoryLocation(InventorylocationsTest.java:56)
at java.base/jdk.internal.reflect.NativeMethodAccessorImpl.invoke0(Native Method)
at java.base/jdk.internal.reflect.NativeMethodAccessorImpl.invoke(NativeMethodAccessorImpl.java:62)
at java.base/jdk.internal.reflect.DelegatingMethodAccessorImpl.invoke(DelegatingMethodAccessorImpl.java:43)
at java.base/java.lang.reflect.Method.invoke(Method.java:566)
at org.testng.internal.MethodInvocationHelper.invokeMethod(MethodInvocationHelper.java:133)
at org.testng.internal.TestInvoker.invokeMethod(TestInvoker.java:598)
at org.testng.internal.TestInvoker.invokeTestMethod(TestInvoker.java:173)
at org.testng.internal.MethodRunner.runInSequence(MethodRunner.java:46)
at org.testng.internal.TestInvoker$MethodInvocationAgent.invoke(TestInvoker.java:824)
at org.testng.internal.TestInvoker.invokeTestMethods(TestInvoker.java:146)
at org.testng.internal.TestMethodWorker.invokeTestMethods(TestMethodWorker.java:146)
at org.testng.internal.TestMethodWorker.run(TestMethodWorker.java:128)
at java.base/java.util.ArrayList.forEach(ArrayList.java:1541)
at org.testng.TestRunner.privateRun(TestRunner.java:794)
at org.testng.TestRunner.run(TestRunner.java:596)
at org.testng.SuiteRunner.runTest(SuiteRunner.java:377)
at org.testng.SuiteRunner.runSequentially(SuiteRunner.java:371)
at org.testng.SuiteRunner.privateRun(SuiteRunner.java:332)
at org.testng.SuiteRunner.run(SuiteRunner.java:276)
at org.testng.SuiteRunnerWorker.runSuite(SuiteRunnerWorker.java:53)
at org.testng.SuiteRunnerWorker.run(SuiteRunnerWorker.java:96)
at org.testng.TestNG.runSuitesSequentially(TestNG.java:1212)
at org.testng.TestNG.runSuitesLocally(TestNG.java:1134)
at org.testng.TestNG.runSuites(TestNG.java:1063)
at org.testng.TestNG.run(TestNG.java:1031)
at org.apache.maven.surefire.testng.TestNGExecutor.run(TestNGExecutor.java:284)
at org.apache.maven.surefire.testng.TestNGXmlTestSuite.execute(TestNGXmlTestSuite.java:75)
at org.apache.maven.surefire.testng.TestNGProvider.invoke(TestNGProvider.java:119)
at org.apache.maven.surefire.booter.ForkedBooter.runSuitesInProcess(ForkedBooter.java:428)
at org.apache.maven.surefire.booter.ForkedBooter.execute(ForkedBooter.java:162)
at org.apache.maven.surefire.booter.ForkedBooter.run(ForkedBooter.java:562)
at org.apache.maven.surefire.booter.ForkedBooter.main(ForkedBooter.java:548)
]]>
            </full-stacktrace>
          </exception> <!-- org.openqa.selenium.StaleElementReferenceException -->
          <reporter-output>
          </reporter-output>
        </test-method> <!-- AddInventoryLocation -->
        <test-method is-config="true" signature="teardown()[pri:0, instance:TestItemandInventory.InventorylocationsTest@cad498c]" started-at="2021-05-18T21:02:38 IST" name="teardown" finished-at="2021-05-18T21:02:38 IST" duration-ms="232" status="PASS">
          <reporter-output>
          </reporter-output>
        </test-method> <!-- teardown -->
      </class> <!-- TestItemandInventory.InventorylocationsTest -->
      <class name="TestItemandInventory.InventoryTest">
        <test-method is-config="true" signature="setup(java.lang.String)[pri:0, instance:TestItemandInventory.InventoryTest@34f5090e]" started-at="2021-05-18T21:02:45 IST" name="setup" finished-at="2021-05-18T21:02:46 IST" duration-ms="1470" status="PASS">
          <params>
            <param index="0">
              <value>
                <![CDATA[Chrome]]>
              </value>
            </param>
          </params>
          <reporter-output>
          </reporter-output>
        </test-method> <!-- setup -->
        <test-method signature="TestLogin(java.lang.String)[pri:1, instance:TestItemandInventory.InventoryTest@34f5090e]" started-at="2021-05-18T21:02:46 IST" name="TestLogin" finished-at="2021-05-18T21:02:48 IST" duration-ms="1741" status="PASS">
          <params>
            <param index="0">
              <value>
                <![CDATA[http://apps.qaplanet.in/erp/index.php]]>
              </value>
            </param>
          </params>
          <reporter-output>
          </reporter-output>
        </test-method> <!-- TestLogin -->
        <test-method signature="TestAddInventoryLocation()[pri:2, instance:TestItemandInventory.InventoryTest@34f5090e]" started-at="2021-05-18T21:02:48 IST" name="TestAddInventoryLocation" finished-at="2021-05-18T21:02:50 IST" duration-ms="2403" status="PASS">
          <reporter-output>
          </reporter-output>
        </test-method> <!-- TestAddInventoryLocation -->
        <test-method signature="TestAddUnitofMeasure()[pri:4, instance:TestItemandInventory.InventoryTest@34f5090e]" started-at="2021-05-18T21:02:50 IST" name="TestAddUnitofMeasure" finished-at="2021-05-18T21:02:53 IST" duration-ms="2375" status="PASS">
          <reporter-output>
          </reporter-output>
        </test-method> <!-- TestAddUnitofMeasure -->
        <test-method is-config="true" signature="teardown()[pri:0, instance:TestItemandInventory.InventoryTest@34f5090e]" started-at="2021-05-18T21:02:53 IST" name="teardown" finished-at="2021-05-18T21:02:53 IST" duration-ms="188" status="PASS">
          <reporter-output>
          </reporter-output>
        </test-method> <!-- teardown -->
      </class> <!-- TestItemandInventory.InventoryTest -->
    </test> <!-- ItemandInventory -->
    <test started-at="2021-05-18T21:03:06 IST" name="Testsales" finished-at="2021-05-18T21:03:59 IST" duration-ms="53819">
      <class name="Testsales.TestLogin">
        <test-method signature="Launchbrowser(java.lang.String,java.lang.String)[pri:1, instance:Testsales.TestLogin@383bfa16]" started-at="2021-05-18T21:03:06 IST" name="Launchbrowser" finished-at="2021-05-18T21:03:08 IST" duration-ms="2334" status="PASS">
          <params>
            <param index="0">
              <value>
                <![CDATA[Chrome]]>
              </value>
            </param>
            <param index="1">
              <value>
                <![CDATA[http://apps.qaplanet.in/erp/index.php]]>
              </value>
            </param>
          </params>
          <reporter-output>
          </reporter-output>
        </test-method> <!-- Launchbrowser -->
        <test-method signature="Login(java.lang.String,java.lang.String)[pri:2, instance:Testsales.TestLogin@383bfa16]" started-at="2021-05-18T21:03:08 IST" name="Login" finished-at="2021-05-18T21:03:09 IST" duration-ms="1121" status="PASS">
          <params>
            <param index="0">
              <value>
                <![CDATA[qaplanet1]]>
              </value>
            </param>
            <param index="1">
              <value>
                <![CDATA[lab1]]>
              </value>
            </param>
          </params>
          <reporter-output>
          </reporter-output>
        </test-method> <!-- Login -->
        <test-method signature="Logout()[pri:3, instance:Testsales.TestLogin@383bfa16]" started-at="2021-05-18T21:03:09 IST" name="Logout" finished-at="2021-05-18T21:03:09 IST" duration-ms="73" status="PASS">
          <reporter-output>
          </reporter-output>
        </test-method> <!-- Logout -->
      </class> <!-- Testsales.TestLogin -->
      <class name="Testsales.Testsalestype">
        <test-method is-config="true" signature="LaunchBrowser(java.lang.String)[pri:0, instance:Testsales.Testsalestype@53fdffa1]" started-at="2021-05-18T21:03:18 IST" name="LaunchBrowser" finished-at="2021-05-18T21:03:20 IST" duration-ms="1597" status="PASS">
          <params>
            <param index="0">
              <value>
                <![CDATA[Chrome]]>
              </value>
            </param>
          </params>
          <reporter-output>
          </reporter-output>
        </test-method> <!-- LaunchBrowser -->
        <test-method signature="Login(java.lang.String,java.lang.String,java.lang.String)[pri:1, instance:Testsales.Testsalestype@53fdffa1]" started-at="2021-05-18T21:03:20 IST" name="Login" finished-at="2021-05-18T21:03:27 IST" duration-ms="6968" status="PASS">
          <params>
            <param index="0">
              <value>
                <![CDATA[http://apps.qaplanet.in/erp/index.php]]>
              </value>
            </param>
            <param index="1">
              <value>
                <![CDATA[qaplanet1]]>
              </value>
            </param>
            <param index="2">
              <value>
                <![CDATA[lab1]]>
              </value>
            </param>
          </params>
          <reporter-output>
          </reporter-output>
        </test-method> <!-- Login -->
        <test-method signature="AddSalestype()[pri:2, instance:Testsales.Testsalestype@53fdffa1]" started-at="2021-05-18T21:03:27 IST" name="AddSalestype" finished-at="2021-05-18T21:03:28 IST" duration-ms="1481" status="PASS">
          <reporter-output>
          </reporter-output>
        </test-method> <!-- AddSalestype -->
        <test-method is-config="true" signature="Closebrowser()[pri:0, instance:Testsales.Testsalestype@53fdffa1]" started-at="2021-05-18T21:03:28 IST" name="Closebrowser" finished-at="2021-05-18T21:03:29 IST" duration-ms="78" status="PASS">
          <reporter-output>
          </reporter-output>
        </test-method> <!-- Closebrowser -->
      </class> <!-- Testsales.Testsalestype -->
      <class name="TestLogin.CredentialsTest">
        <test-method is-config="true" signature="setup(java.lang.String)[pri:0, instance:TestLogin.CredentialsTest@4d465b11]" started-at="2021-05-18T21:03:09 IST" name="setup" finished-at="2021-05-18T21:03:11 IST" duration-ms="1525" status="PASS">
          <params>
            <param index="0">
              <value>
                <![CDATA[Chrome]]>
              </value>
            </param>
          </params>
          <reporter-output>
          </reporter-output>
        </test-method> <!-- setup -->
        <test-method signature="TestvalidateLogin(java.lang.String,java.lang.String)[pri:0, instance:TestLogin.CredentialsTest@4d465b11]" started-at="2021-05-18T21:03:11 IST" name="TestvalidateLogin" data-provider="credentials" finished-at="2021-05-18T21:03:12 IST" duration-ms="1699" status="PASS">
          <params>
            <param index="0">
              <value>
                <![CDATA[qaplanet1]]>
              </value>
            </param>
            <param index="1">
              <value>
                <![CDATA[lab1]]>
              </value>
            </param>
          </params>
          <reporter-output>
          </reporter-output>
        </test-method> <!-- TestvalidateLogin -->
        <test-method is-config="true" signature="teardown()[pri:0, instance:TestLogin.CredentialsTest@4d465b11]" started-at="2021-05-18T21:03:12 IST" name="teardown" finished-at="2021-05-18T21:03:13 IST" duration-ms="140" status="PASS">
          <reporter-output>
          </reporter-output>
        </test-method> <!-- teardown -->
        <test-method is-config="true" signature="setup(java.lang.String)[pri:0, instance:TestLogin.CredentialsTest@4d465b11]" started-at="2021-05-18T21:03:13 IST" name="setup" finished-at="2021-05-18T21:03:14 IST" duration-ms="1699" status="PASS">
          <params>
            <param index="0">
              <value>
                <![CDATA[Chrome]]>
              </value>
            </param>
          </params>
          <reporter-output>
          </reporter-output>
        </test-method> <!-- setup -->
        <test-method signature="TestvalidateLogin(java.lang.String,java.lang.String)[pri:0, instance:TestLogin.CredentialsTest@4d465b11]" started-at="2021-05-18T21:03:14 IST" name="TestvalidateLogin" data-provider="credentials" finished-at="2021-05-18T21:03:15 IST" duration-ms="1170" status="PASS">
          <params>
            <param index="0">
              <value>
                <![CDATA[qaplanet]]>
              </value>
            </param>
            <param index="1">
              <value>
                <![CDATA[lab1]]>
              </value>
            </param>
          </params>
          <reporter-output>
          </reporter-output>
        </test-method> <!-- TestvalidateLogin -->
        <test-method is-config="true" signature="teardown()[pri:0, instance:TestLogin.CredentialsTest@4d465b11]" started-at="2021-05-18T21:03:15 IST" name="teardown" finished-at="2021-05-18T21:03:16 IST" duration-ms="87" status="PASS">
          <reporter-output>
          </reporter-output>
        </test-method> <!-- teardown -->
        <test-method is-config="true" signature="setup(java.lang.String)[pri:0, instance:TestLogin.CredentialsTest@4d465b11]" started-at="2021-05-18T21:03:16 IST" name="setup" finished-at="2021-05-18T21:03:17 IST" duration-ms="1474" status="PASS">
          <params>
            <param index="0">
              <value>
                <![CDATA[Chrome]]>
              </value>
            </param>
          </params>
          <reporter-output>
          </reporter-output>
        </test-method> <!-- setup -->
        <test-method signature="TestvalidateLogin(java.lang.String,java.lang.String)[pri:0, instance:TestLogin.CredentialsTest@4d465b11]" started-at="2021-05-18T21:03:17 IST" name="TestvalidateLogin" data-provider="credentials" finished-at="2021-05-18T21:03:18 IST" duration-ms="1302" status="PASS">
          <params>
            <param index="0">
              <value>
                <![CDATA[qaplanet1]]>
              </value>
            </param>
            <param index="1">
              <value>
                <![CDATA[lab]]>
              </value>
            </param>
          </params>
          <reporter-output>
          </reporter-output>
        </test-method> <!-- TestvalidateLogin -->
        <test-method is-config="true" signature="teardown()[pri:0, instance:TestLogin.CredentialsTest@4d465b11]" started-at="2021-05-18T21:03:18 IST" name="teardown" finished-at="2021-05-18T21:03:18 IST" duration-ms="86" status="PASS">
          <reporter-output>
          </reporter-output>
        </test-method> <!-- teardown -->
      </class> <!-- TestLogin.CredentialsTest -->
      <class name="Testsales.Testsalesperson">
        <test-method is-config="true" signature="Setup(java.lang.String)[pri:0, instance:Testsales.Testsalesperson@32ee6fee]" started-at="2021-05-18T21:03:53 IST" name="Setup" finished-at="2021-05-18T21:03:54 IST" duration-ms="1558" status="PASS">
          <params>
            <param index="0">
              <value>
                <![CDATA[Chrome]]>
              </value>
            </param>
          </params>
          <reporter-output>
          </reporter-output>
        </test-method> <!-- Setup -->
        <test-method signature="Login(java.lang.String,java.lang.String,java.lang.String)[pri:1, instance:Testsales.Testsalesperson@32ee6fee]" started-at="2021-05-18T21:03:54 IST" name="Login" finished-at="2021-05-18T21:03:56 IST" duration-ms="1945" status="PASS">
          <params>
            <param index="0">
              <value>
                <![CDATA[http://apps.qaplanet.in/erp/index.php]]>
              </value>
            </param>
            <param index="1">
              <value>
                <![CDATA[qaplanet1]]>
              </value>
            </param>
            <param index="2">
              <value>
                <![CDATA[lab1]]>
              </value>
            </param>
          </params>
          <reporter-output>
          </reporter-output>
        </test-method> <!-- Login -->
        <test-method signature="AddSalesperson()[pri:2, instance:Testsales.Testsalesperson@32ee6fee]" started-at="2021-05-18T21:03:56 IST" name="AddSalesperson" finished-at="2021-05-18T21:03:59 IST" duration-ms="3011" status="PASS">
          <reporter-output>
          </reporter-output>
        </test-method> <!-- AddSalesperson -->
        <test-method is-config="true" signature="Closebrowser()[pri:0, instance:Testsales.Testsalesperson@32ee6fee]" started-at="2021-05-18T21:03:59 IST" name="Closebrowser" finished-at="2021-05-18T21:03:59 IST" duration-ms="124" status="PASS">
          <reporter-output>
          </reporter-output>
        </test-method> <!-- Closebrowser -->
      </class> <!-- Testsales.Testsalesperson -->
      <class name="Testsales.Testsalesgroup">
        <test-method is-config="true" signature="LaunchBrowser(java.lang.String)[pri:0, instance:Testsales.Testsalesgroup@5562c41e]" started-at="2021-05-18T21:03:29 IST" name="LaunchBrowser" finished-at="2021-05-18T21:03:30 IST" duration-ms="1369" status="PASS">
          <params>
            <param index="0">
              <value>
                <![CDATA[Chrome]]>
              </value>
            </param>
          </params>
          <reporter-output>
          </reporter-output>
        </test-method> <!-- LaunchBrowser -->
        <test-method signature="Login(java.lang.String,java.lang.String,java.lang.String)[pri:1, instance:Testsales.Testsalesgroup@5562c41e]" started-at="2021-05-18T21:03:30 IST" name="Login" finished-at="2021-05-18T21:03:42 IST" duration-ms="12061" status="PASS">
          <params>
            <param index="0">
              <value>
                <![CDATA[http://apps.qaplanet.in/erp/index.php]]>
              </value>
            </param>
            <param index="1">
              <value>
                <![CDATA[qaplanet1]]>
              </value>
            </param>
            <param index="2">
              <value>
                <![CDATA[lab1]]>
              </value>
            </param>
          </params>
          <reporter-output>
          </reporter-output>
        </test-method> <!-- Login -->
        <test-method is-config="true" signature="Closebrowser()[pri:0, instance:Testsales.Testsalesgroup@5562c41e]" started-at="2021-05-18T21:03:42 IST" name="Closebrowser" finished-at="2021-05-18T21:03:42 IST" duration-ms="149" status="PASS">
          <reporter-output>
          </reporter-output>
        </test-method> <!-- Closebrowser -->
        <test-method is-config="true" signature="LaunchBrowser(java.lang.String)[pri:0, instance:Testsales.Testsalesgroup@5562c41e]" started-at="2021-05-18T21:03:42 IST" name="LaunchBrowser" finished-at="2021-05-18T21:03:44 IST" duration-ms="1764" status="PASS">
          <params>
            <param index="0">
              <value>
                <![CDATA[Chrome]]>
              </value>
            </param>
          </params>
          <reporter-output>
          </reporter-output>
        </test-method> <!-- LaunchBrowser -->
        <test-method signature="AddSalesgroup(java.lang.String,java.lang.String,java.lang.String)[pri:2, instance:Testsales.Testsalesgroup@5562c41e]" started-at="2021-05-18T21:03:44 IST" name="AddSalesgroup" finished-at="2021-05-18T21:03:53 IST" duration-ms="8867" status="PASS">
          <params>
            <param index="0">
              <value>
                <![CDATA[http://apps.qaplanet.in/erp/index.php]]>
              </value>
            </param>
            <param index="1">
              <value>
                <![CDATA[qaplanet1]]>
              </value>
            </param>
            <param index="2">
              <value>
                <![CDATA[lab1]]>
              </value>
            </param>
          </params>
          <reporter-output>
          </reporter-output>
        </test-method> <!-- AddSalesgroup -->
        <test-method is-config="true" signature="Closebrowser()[pri:0, instance:Testsales.Testsalesgroup@5562c41e]" started-at="2021-05-18T21:03:53 IST" name="Closebrowser" finished-at="2021-05-18T21:03:53 IST" duration-ms="119" status="PASS">
          <reporter-output>
          </reporter-output>
        </test-method> <!-- Closebrowser -->
      </class> <!-- Testsales.Testsalesgroup -->
    </test> <!-- Testsales -->
    <test started-at="2021-05-18T21:03:59 IST" name="BankingandLedger" finished-at="2021-05-18T21:04:06 IST" duration-ms="6383">
      <class name="BankingandLedger.BankAccountsTest">
        <test-method is-config="true" signature="Setup(java.lang.String)[pri:0, instance:BankingandLedger.BankAccountsTest@28f2a10f]" started-at="2021-05-18T21:03:59 IST" name="Setup" finished-at="2021-05-18T21:04:01 IST" duration-ms="1765" status="PASS">
          <params>
            <param index="0">
              <value>
                <![CDATA[Chrome]]>
              </value>
            </param>
          </params>
          <reporter-output>
          </reporter-output>
        </test-method> <!-- Setup -->
        <test-method signature="login()[pri:1, instance:BankingandLedger.BankAccountsTest@28f2a10f]" started-at="2021-05-18T21:04:01 IST" name="login" finished-at="2021-05-18T21:04:03 IST" duration-ms="1769" status="PASS">
          <reporter-output>
          </reporter-output>
        </test-method> <!-- login -->
        <test-method signature="AddBankAccounts()[pri:2, instance:BankingandLedger.BankAccountsTest@28f2a10f]" started-at="2021-05-18T21:04:03 IST" name="AddBankAccounts" finished-at="2021-05-18T21:04:06 IST" duration-ms="2738" status="PASS">
          <reporter-output>
          </reporter-output>
        </test-method> <!-- AddBankAccounts -->
        <test-method is-config="true" signature="teardown()[pri:0, instance:BankingandLedger.BankAccountsTest@28f2a10f]" started-at="2021-05-18T21:04:06 IST" name="teardown" finished-at="2021-05-18T21:04:06 IST" duration-ms="109" status="PASS">
          <reporter-output>
          </reporter-output>
        </test-method> <!-- teardown -->
      </class> <!-- BankingandLedger.BankAccountsTest -->
    </test> <!-- BankingandLedger -->
  </suite> <!-- Suite -->
</testng-results>
