<?xml version="1.0" encoding="UTF-8"?>
<testng-results ignored="1" total="24" passed="22" failed="1" skipped="0">
  <reporter-output>
  </reporter-output>
  <suite started-at="2021-05-28T18:57:26 IST" name="Suite" finished-at="2021-05-28T18:58:56 IST" duration-ms="90047">
    <groups>
      <group name="SmokeTest">
        <method signature="TestLogin.Launchbrowser(java.lang.String,java.lang.String)[pri:1, instance:Testsales.TestLogin@383bfa16]" name="Launchbrowser" class="Testsales.TestLogin"/>
        <method signature="TestLogin.Login(java.lang.String,java.lang.String)[pri:2, instance:Testsales.TestLogin@383bfa16]" name="Login" class="Testsales.TestLogin"/>
        <method signature="TestLogin.Logout()[pri:3, instance:Testsales.TestLogin@383bfa16]" name="Logout" class="Testsales.TestLogin"/>
        <method signature="Testsalesgroup.AddSalesgroup(java.lang.String,java.lang.String,java.lang.String)[pri:2, instance:Testsales.Testsalesgroup@5562c41e]" name="AddSalesgroup" class="Testsales.Testsalesgroup"/>
        <method signature="Testsalesgroup.Login(java.lang.String,java.lang.String,java.lang.String)[pri:1, instance:Testsales.Testsalesgroup@5562c41e]" name="Login" class="Testsales.Testsalesgroup"/>
        <method signature="Testsalestype.AddSalestype()[pri:2, instance:Testsales.Testsalestype@53fdffa1]" name="AddSalestype" class="Testsales.Testsalestype"/>
        <method signature="Testsalestype.Login(java.lang.String,java.lang.String,java.lang.String)[pri:1, instance:Testsales.Testsalestype@53fdffa1]" name="Login" class="Testsales.Testsalestype"/>
      </group> <!-- SmokeTest -->
      <group name="Regression">
        <method signature="ItemsTest.AddItem()[pri:2, instance:TestItemandInventory.ItemsTest@34f5090e]" name="AddItem" class="TestItemandInventory.ItemsTest"/>
        <method signature="ItemsTest.login(java.lang.String)[pri:1, instance:TestItemandInventory.ItemsTest@34f5090e]" name="login" class="TestItemandInventory.ItemsTest"/>
      </group> <!-- Regression -->
    </groups>
    <test started-at="2021-05-28T18:57:26 IST" name="ItemandInventory" finished-at="2021-05-28T18:57:59 IST" duration-ms="32397">
      <class name="TestItemandInventory.ItemsTest">
        <test-method is-config="true" signature="Setup(java.lang.String)[pri:0, instance:TestItemandInventory.ItemsTest@34f5090e]" started-at="2021-05-28T18:57:52 IST" name="Setup" finished-at="2021-05-28T18:57:54 IST" duration-ms="1670" status="PASS">
          <params>
            <param index="0">
              <value>
                <![CDATA[Edge]]>
              </value>
            </param>
          </params>
          <reporter-output>
          </reporter-output>
        </test-method> <!-- Setup -->
        <test-method signature="login(java.lang.String)[pri:1, instance:TestItemandInventory.ItemsTest@34f5090e]" started-at="2021-05-28T18:57:54 IST" name="login" finished-at="2021-05-28T18:57:55 IST" duration-ms="1681" status="PASS">
          <params>
            <param index="0">
              <value>
                <![CDATA[http://apps.qaplanet.in/erp/index.php]]>
              </value>
            </param>
          </params>
          <reporter-output>
          </reporter-output>
        </test-method> <!-- login -->
        <test-method signature="AddItem()[pri:2, instance:TestItemandInventory.ItemsTest@34f5090e]" started-at="2021-05-28T18:57:55 IST" name="AddItem" finished-at="2021-05-28T18:57:58 IST" duration-ms="2975" status="FAIL">
          <exception class="org.openqa.selenium.StaleElementReferenceException">
            <message>
              <![CDATA[stale element reference: element is not attached to the page document
  (Session info: MicrosoftEdge=90.0.818.66)
For documentation on this error, please visit: https://www.seleniumhq.org/exceptions/stale_element_reference.html
Build info: version: '3.141.59', revision: 'e82be7d358', time: '2018-11-14T08:17:03'
System info: host: 'LAPTOP-TPUJHBBQ', ip: '192.168.0.178', os.name: 'Windows 10', os.arch: 'amd64', os.version: '10.0', java.version: '11.0.8'
Driver info: org.openqa.selenium.edge.EdgeDriver
Capabilities {acceptInsecureCerts: false, browserName: msedge, browserVersion: 90.0.818.66, javascriptEnabled: true, ms:edgeOptions: {debuggerAddress: localhost:60047}, msedge: {msedgedriverVersion: 90.0.818.66 (5f913625aa6fc5..., userDataDir: C:\Users\CVVIVE~1\AppData\L...}, networkConnectionEnabled: false, pageLoadStrategy: normal, platform: WINDOWS, platformName: WINDOWS, proxy: Proxy(), setWindowRect: true, strictFileInteractability: false, timeouts: {implicit: 0, pageLoad: 300000, script: 30000}, unhandledPromptBehavior: dismiss and notify, webauthn:extension:largeBlob: true, webauthn:virtualAuthenticators: true}
Session ID: 6b96ef270be2fa9bc4b3c025337a0b29]]>
            </message>
            <full-stacktrace>
              <![CDATA[org.openqa.selenium.StaleElementReferenceException: stale element reference: element is not attached to the page document
  (Session info: MicrosoftEdge=90.0.818.66)
For documentation on this error, please visit: https://www.seleniumhq.org/exceptions/stale_element_reference.html
Build info: version: '3.141.59', revision: 'e82be7d358', time: '2018-11-14T08:17:03'
System info: host: 'LAPTOP-TPUJHBBQ', ip: '192.168.0.178', os.name: 'Windows 10', os.arch: 'amd64', os.version: '10.0', java.version: '11.0.8'
Driver info: org.openqa.selenium.edge.EdgeDriver
Capabilities {acceptInsecureCerts: false, browserName: msedge, browserVersion: 90.0.818.66, javascriptEnabled: true, ms:edgeOptions: {debuggerAddress: localhost:60047}, msedge: {msedgedriverVersion: 90.0.818.66 (5f913625aa6fc5..., userDataDir: C:\Users\CVVIVE~1\AppData\L...}, networkConnectionEnabled: false, pageLoadStrategy: normal, platform: WINDOWS, platformName: WINDOWS, proxy: Proxy(), setWindowRect: true, strictFileInteractability: false, timeouts: {implicit: 0, pageLoad: 300000, script: 30000}, unhandledPromptBehavior: dismiss and notify, webauthn:extension:largeBlob: true, webauthn:virtualAuthenticators: true}
Session ID: 6b96ef270be2fa9bc4b3c025337a0b29
at java.base/jdk.internal.reflect.NativeConstructorAccessorImpl.newInstance0(Native Method)
at java.base/jdk.internal.reflect.NativeConstructorAccessorImpl.newInstance(NativeConstructorAccessorImpl.java:62)
at java.base/jdk.internal.reflect.DelegatingConstructorAccessorImpl.newInstance(DelegatingConstructorAccessorImpl.java:45)
at java.base/java.lang.reflect.Constructor.newInstance(Constructor.java:490)
at org.openqa.selenium.remote.http.W3CHttpResponseCodec.createException(W3CHttpResponseCodec.java:187)
at org.openqa.selenium.remote.http.W3CHttpResponseCodec.decode(W3CHttpResponseCodec.java:122)
at org.openqa.selenium.remote.http.W3CHttpResponseCodec.decode(W3CHttpResponseCodec.java:49)
at org.openqa.selenium.remote.HttpCommandExecutor.execute(HttpCommandExecutor.java:158)
at org.openqa.selenium.remote.service.DriverCommandExecutor.execute(DriverCommandExecutor.java:83)
at org.openqa.selenium.remote.RemoteWebDriver.execute(RemoteWebDriver.java:552)
at org.openqa.selenium.remote.RemoteWebElement.execute(RemoteWebElement.java:285)
at org.openqa.selenium.remote.RemoteWebElement.click(RemoteWebElement.java:84)
at org.openqa.selenium.support.ui.Select.setSelected(Select.java:311)
at org.openqa.selenium.support.ui.Select.selectByValue(Select.java:187)
at TestItemandInventory.ItemsTest.AddItem(ItemsTest.java:78)
at java.base/jdk.internal.reflect.NativeMethodAccessorImpl.invoke0(Native Method)
at java.base/jdk.internal.reflect.NativeMethodAccessorImpl.invoke(NativeMethodAccessorImpl.java:62)
at java.base/jdk.internal.reflect.DelegatingMethodAccessorImpl.invoke(DelegatingMethodAccessorImpl.java:43)
at java.base/java.lang.reflect.Method.invoke(Method.java:566)
at org.testng.internal.MethodInvocationHelper.invokeMethod(MethodInvocationHelper.java:133)
at org.testng.internal.TestInvoker.invokeMethod(TestInvoker.java:598)
at org.testng.internal.TestInvoker.invokeTestMethod(TestInvoker.java:173)
at org.testng.internal.MethodRunner.runInSequence(MethodRunner.java:46)
at org.testng.internal.TestInvoker$MethodInvocationAgent.invoke(TestInvoker.java:824)
at org.testng.internal.TestInvoker.invokeTestMethods(TestInvoker.java:146)
at org.testng.internal.TestMethodWorker.invokeTestMethods(TestMethodWorker.java:146)
at org.testng.internal.TestMethodWorker.run(TestMethodWorker.java:128)
at java.base/java.util.ArrayList.forEach(ArrayList.java:1541)
at org.testng.TestRunner.privateRun(TestRunner.java:794)
at org.testng.TestRunner.run(TestRunner.java:596)
at org.testng.SuiteRunner.runTest(SuiteRunner.java:377)
at org.testng.SuiteRunner.runSequentially(SuiteRunner.java:371)
at org.testng.SuiteRunner.privateRun(SuiteRunner.java:332)
at org.testng.SuiteRunner.run(SuiteRunner.java:276)
at org.testng.SuiteRunnerWorker.runSuite(SuiteRunnerWorker.java:53)
at org.testng.SuiteRunnerWorker.run(SuiteRunnerWorker.java:96)
at org.testng.TestNG.runSuitesSequentially(TestNG.java:1212)
at org.testng.TestNG.runSuitesLocally(TestNG.java:1134)
at org.testng.TestNG.runSuites(TestNG.java:1063)
at org.testng.TestNG.run(TestNG.java:1031)
at org.apache.maven.surefire.testng.TestNGExecutor.run(TestNGExecutor.java:284)
at org.apache.maven.surefire.testng.TestNGXmlTestSuite.execute(TestNGXmlTestSuite.java:75)
at org.apache.maven.surefire.testng.TestNGProvider.invoke(TestNGProvider.java:119)
at org.apache.maven.surefire.booter.ForkedBooter.runSuitesInProcess(ForkedBooter.java:428)
at org.apache.maven.surefire.booter.ForkedBooter.execute(ForkedBooter.java:162)
at org.apache.maven.surefire.booter.ForkedBooter.run(ForkedBooter.java:562)
at org.apache.maven.surefire.booter.ForkedBooter.main(ForkedBooter.java:548)
]]>
            </full-stacktrace>
          </exception> <!-- org.openqa.selenium.StaleElementReferenceException -->
          <reporter-output>
          </reporter-output>
        </test-method> <!-- AddItem -->
        <test-method is-config="true" signature="teardown()[pri:0, instance:TestItemandInventory.ItemsTest@34f5090e]" started-at="2021-05-28T18:57:58 IST" name="teardown" finished-at="2021-05-28T18:57:59 IST" duration-ms="253" status="PASS">
          <reporter-output>
          </reporter-output>
        </test-method> <!-- teardown -->
      </class> <!-- TestItemandInventory.ItemsTest -->
      <class name="TestItemandInventory.UnitofmeasureTest">
        <test-method is-config="true" signature="setup(java.lang.String)[pri:0, instance:TestItemandInventory.UnitofmeasureTest@27ff5d15]" started-at="2021-05-28T18:57:36 IST" name="setup" finished-at="2021-05-28T18:57:39 IST" duration-ms="2590" status="PASS">
          <params>
            <param index="0">
              <value>
                <![CDATA[Edge]]>
              </value>
            </param>
          </params>
          <reporter-output>
          </reporter-output>
        </test-method> <!-- setup -->
        <test-method signature="login(java.lang.String)[pri:1, instance:TestItemandInventory.UnitofmeasureTest@27ff5d15]" started-at="2021-05-28T18:57:39 IST" name="login" finished-at="2021-05-28T18:57:40 IST" duration-ms="1669" status="PASS">
          <params>
            <param index="0">
              <value>
                <![CDATA[http://apps.qaplanet.in/erp/index.php]]>
              </value>
            </param>
          </params>
          <reporter-output>
          </reporter-output>
        </test-method> <!-- login -->
        <test-method signature="AddUnitofMeasure()[pri:2, instance:TestItemandInventory.UnitofmeasureTest@27ff5d15]" started-at="2021-05-28T18:57:40 IST" name="AddUnitofMeasure" finished-at="2021-05-28T18:57:44 IST" duration-ms="4138" status="PASS">
          <reporter-output>
          </reporter-output>
        </test-method> <!-- AddUnitofMeasure -->
        <test-method is-config="true" signature="teardown()[pri:0, instance:TestItemandInventory.UnitofmeasureTest@27ff5d15]" started-at="2021-05-28T18:57:44 IST" name="teardown" finished-at="2021-05-28T18:57:45 IST" duration-ms="165" status="PASS">
          <reporter-output>
          </reporter-output>
        </test-method> <!-- teardown -->
      </class> <!-- TestItemandInventory.UnitofmeasureTest -->
      <class name="TestItemandInventory.InventorylocationsTest">
        <test-method is-config="true" signature="setup(java.lang.String)[pri:0, instance:TestItemandInventory.InventorylocationsTest@66498326]" started-at="2021-05-28T18:57:26 IST" name="setup" finished-at="2021-05-28T18:57:30 IST" duration-ms="3880" status="PASS">
          <params>
            <param index="0">
              <value>
                <![CDATA[Edge]]>
              </value>
            </param>
          </params>
          <reporter-output>
          </reporter-output>
        </test-method> <!-- setup -->
        <test-method signature="Login(java.lang.String)[pri:1, instance:TestItemandInventory.InventorylocationsTest@66498326]" started-at="2021-05-28T18:57:30 IST" name="Login" finished-at="2021-05-28T18:57:32 IST" duration-ms="2402" status="PASS">
          <params>
            <param index="0">
              <value>
                <![CDATA[http://apps.qaplanet.in/erp/index.php]]>
              </value>
            </param>
          </params>
          <reporter-output>
          </reporter-output>
        </test-method> <!-- Login -->
        <test-method signature="AddInventoryLocation()[pri:2, instance:TestItemandInventory.InventorylocationsTest@66498326]" started-at="2021-05-28T18:57:32 IST" name="AddInventoryLocation" finished-at="2021-05-28T18:57:36 IST" duration-ms="3478" status="PASS">
          <reporter-output>
          </reporter-output>
        </test-method> <!-- AddInventoryLocation -->
        <test-method is-config="true" signature="teardown()[pri:0, instance:TestItemandInventory.InventorylocationsTest@66498326]" started-at="2021-05-28T18:57:36 IST" name="teardown" finished-at="2021-05-28T18:57:36 IST" duration-ms="119" status="PASS">
          <reporter-output>
          </reporter-output>
        </test-method> <!-- teardown -->
      </class> <!-- TestItemandInventory.InventorylocationsTest -->
      <class name="TestItemandInventory.InventoryTest">
        <test-method is-config="true" signature="setup(java.lang.String)[pri:0, instance:TestItemandInventory.InventoryTest@693fe6c9]" started-at="2021-05-28T18:57:45 IST" name="setup" finished-at="2021-05-28T18:57:46 IST" duration-ms="1523" status="PASS">
          <params>
            <param index="0">
              <value>
                <![CDATA[Edge]]>
              </value>
            </param>
          </params>
          <reporter-output>
          </reporter-output>
        </test-method> <!-- setup -->
        <test-method signature="TestLogin(java.lang.String)[pri:1, instance:TestItemandInventory.InventoryTest@693fe6c9]" started-at="2021-05-28T18:57:46 IST" name="TestLogin" finished-at="2021-05-28T18:57:48 IST" duration-ms="1481" status="PASS">
          <params>
            <param index="0">
              <value>
                <![CDATA[http://apps.qaplanet.in/erp/index.php]]>
              </value>
            </param>
          </params>
          <reporter-output>
          </reporter-output>
        </test-method> <!-- TestLogin -->
        <test-method signature="TestAddInventoryLocation()[pri:2, instance:TestItemandInventory.InventoryTest@693fe6c9]" started-at="2021-05-28T18:57:48 IST" name="TestAddInventoryLocation" finished-at="2021-05-28T18:57:50 IST" duration-ms="2034" status="PASS">
          <reporter-output>
          </reporter-output>
        </test-method> <!-- TestAddInventoryLocation -->
        <test-method signature="TestAddUnitofMeasure()[pri:4, instance:TestItemandInventory.InventoryTest@693fe6c9]" started-at="2021-05-28T18:57:50 IST" name="TestAddUnitofMeasure" finished-at="2021-05-28T18:57:52 IST" duration-ms="2083" status="PASS">
          <reporter-output>
          </reporter-output>
        </test-method> <!-- TestAddUnitofMeasure -->
        <test-method is-config="true" signature="teardown()[pri:0, instance:TestItemandInventory.InventoryTest@693fe6c9]" started-at="2021-05-28T18:57:52 IST" name="teardown" finished-at="2021-05-28T18:57:52 IST" duration-ms="197" status="PASS">
          <reporter-output>
          </reporter-output>
        </test-method> <!-- teardown -->
      </class> <!-- TestItemandInventory.InventoryTest -->
    </test> <!-- ItemandInventory -->
    <test started-at="2021-05-28T18:57:59 IST" name="Testsales" finished-at="2021-05-28T18:58:50 IST" duration-ms="51682">
      <class name="Testsales.Testsalestype">
        <test-method is-config="true" signature="LaunchBrowser(java.lang.String)[pri:0, instance:Testsales.Testsalestype@53fdffa1]" started-at="2021-05-28T18:58:11 IST" name="LaunchBrowser" finished-at="2021-05-28T18:58:13 IST" duration-ms="1545" status="PASS">
          <params>
            <param index="0">
              <value>
                <![CDATA[Edge]]>
              </value>
            </param>
          </params>
          <reporter-output>
          </reporter-output>
        </test-method> <!-- LaunchBrowser -->
        <test-method signature="Login(java.lang.String,java.lang.String,java.lang.String)[pri:1, instance:Testsales.Testsalestype@53fdffa1]" started-at="2021-05-28T18:58:13 IST" name="Login" finished-at="2021-05-28T18:58:14 IST" duration-ms="1639" status="PASS">
          <params>
            <param index="0">
              <value>
                <![CDATA[http://apps.qaplanet.in/erp/index.php]]>
              </value>
            </param>
            <param index="1">
              <value>
                <![CDATA[qaplanet1]]>
              </value>
            </param>
            <param index="2">
              <value>
                <![CDATA[lab1]]>
              </value>
            </param>
          </params>
          <reporter-output>
          </reporter-output>
        </test-method> <!-- Login -->
        <test-method signature="AddSalestype()[pri:2, instance:Testsales.Testsalestype@53fdffa1]" started-at="2021-05-28T18:58:14 IST" name="AddSalestype" finished-at="2021-05-28T18:58:16 IST" duration-ms="2091" status="PASS">
          <reporter-output>
          </reporter-output>
        </test-method> <!-- AddSalestype -->
        <test-method is-config="true" signature="Closebrowser()[pri:0, instance:Testsales.Testsalestype@53fdffa1]" started-at="2021-05-28T18:58:16 IST" name="Closebrowser" finished-at="2021-05-28T18:58:17 IST" duration-ms="209" status="PASS">
          <reporter-output>
          </reporter-output>
        </test-method> <!-- Closebrowser -->
      </class> <!-- Testsales.Testsalestype -->
      <class name="Testsales.TestLogin">
        <test-method signature="Launchbrowser(java.lang.String,java.lang.String)[pri:1, instance:Testsales.TestLogin@383bfa16]" started-at="2021-05-28T18:57:59 IST" name="Launchbrowser" finished-at="2021-05-28T18:58:01 IST" duration-ms="2394" status="PASS">
          <params>
            <param index="0">
              <value>
                <![CDATA[Edge]]>
              </value>
            </param>
            <param index="1">
              <value>
                <![CDATA[http://apps.qaplanet.in/erp/index.php]]>
              </value>
            </param>
          </params>
          <reporter-output>
          </reporter-output>
        </test-method> <!-- Launchbrowser -->
        <test-method signature="Login(java.lang.String,java.lang.String)[pri:2, instance:Testsales.TestLogin@383bfa16]" started-at="2021-05-28T18:58:01 IST" name="Login" finished-at="2021-05-28T18:58:02 IST" duration-ms="987" status="PASS">
          <params>
            <param index="0">
              <value>
                <![CDATA[qaplanet1]]>
              </value>
            </param>
            <param index="1">
              <value>
                <![CDATA[lab1]]>
              </value>
            </param>
          </params>
          <reporter-output>
          </reporter-output>
        </test-method> <!-- Login -->
        <test-method signature="Logout()[pri:3, instance:Testsales.TestLogin@383bfa16]" started-at="2021-05-28T18:58:02 IST" name="Logout" finished-at="2021-05-28T18:58:02 IST" duration-ms="117" status="PASS">
          <reporter-output>
          </reporter-output>
        </test-method> <!-- Logout -->
      </class> <!-- Testsales.TestLogin -->
      <class name="TestLogin.CredentialsTest">
        <test-method is-config="true" signature="setup(java.lang.String)[pri:0, instance:TestLogin.CredentialsTest@4d465b11]" started-at="2021-05-28T18:58:02 IST" name="setup" finished-at="2021-05-28T18:58:04 IST" duration-ms="1667" status="PASS">
          <params>
            <param index="0">
              <value>
                <![CDATA[Edge]]>
              </value>
            </param>
          </params>
          <reporter-output>
          </reporter-output>
        </test-method> <!-- setup -->
        <test-method signature="TestvalidateLogin(java.lang.String,java.lang.String)[pri:0, instance:TestLogin.CredentialsTest@4d465b11]" started-at="2021-05-28T18:58:04 IST" name="TestvalidateLogin" data-provider="credentials" finished-at="2021-05-28T18:58:05 IST" duration-ms="1666" status="PASS">
          <params>
            <param index="0">
              <value>
                <![CDATA[qaplanet1]]>
              </value>
            </param>
            <param index="1">
              <value>
                <![CDATA[lab1]]>
              </value>
            </param>
          </params>
          <reporter-output>
          </reporter-output>
        </test-method> <!-- TestvalidateLogin -->
        <test-method is-config="true" signature="teardown()[pri:0, instance:TestLogin.CredentialsTest@4d465b11]" started-at="2021-05-28T18:58:05 IST" name="teardown" finished-at="2021-05-28T18:58:06 IST" duration-ms="112" status="PASS">
          <reporter-output>
          </reporter-output>
        </test-method> <!-- teardown -->
        <test-method is-config="true" signature="setup(java.lang.String)[pri:0, instance:TestLogin.CredentialsTest@4d465b11]" started-at="2021-05-28T18:58:06 IST" name="setup" finished-at="2021-05-28T18:58:07 IST" duration-ms="1475" status="PASS">
          <params>
            <param index="0">
              <value>
                <![CDATA[Edge]]>
              </value>
            </param>
          </params>
          <reporter-output>
          </reporter-output>
        </test-method> <!-- setup -->
        <test-method signature="TestvalidateLogin(java.lang.String,java.lang.String)[pri:0, instance:TestLogin.CredentialsTest@4d465b11]" started-at="2021-05-28T18:58:07 IST" name="TestvalidateLogin" data-provider="credentials" finished-at="2021-05-28T18:58:08 IST" duration-ms="1245" status="PASS">
          <params>
            <param index="0">
              <value>
                <![CDATA[qaplanet]]>
              </value>
            </param>
            <param index="1">
              <value>
                <![CDATA[lab1]]>
              </value>
            </param>
          </params>
          <reporter-output>
          </reporter-output>
        </test-method> <!-- TestvalidateLogin -->
        <test-method is-config="true" signature="teardown()[pri:0, instance:TestLogin.CredentialsTest@4d465b11]" started-at="2021-05-28T18:58:08 IST" name="teardown" finished-at="2021-05-28T18:58:08 IST" duration-ms="123" status="PASS">
          <reporter-output>
          </reporter-output>
        </test-method> <!-- teardown -->
        <test-method is-config="true" signature="setup(java.lang.String)[pri:0, instance:TestLogin.CredentialsTest@4d465b11]" started-at="2021-05-28T18:58:08 IST" name="setup" finished-at="2021-05-28T18:58:10 IST" duration-ms="1385" status="PASS">
          <params>
            <param index="0">
              <value>
                <![CDATA[Edge]]>
              </value>
            </param>
          </params>
          <reporter-output>
          </reporter-output>
        </test-method> <!-- setup -->
        <test-method signature="TestvalidateLogin(java.lang.String,java.lang.String)[pri:0, instance:TestLogin.CredentialsTest@4d465b11]" started-at="2021-05-28T18:58:10 IST" name="TestvalidateLogin" data-provider="credentials" finished-at="2021-05-28T18:58:11 IST" duration-ms="1258" status="PASS">
          <params>
            <param index="0">
              <value>
                <![CDATA[qaplanet1]]>
              </value>
            </param>
            <param index="1">
              <value>
                <![CDATA[lab]]>
              </value>
            </param>
          </params>
          <reporter-output>
          </reporter-output>
        </test-method> <!-- TestvalidateLogin -->
        <test-method is-config="true" signature="teardown()[pri:0, instance:TestLogin.CredentialsTest@4d465b11]" started-at="2021-05-28T18:58:11 IST" name="teardown" finished-at="2021-05-28T18:58:11 IST" duration-ms="110" status="PASS">
          <reporter-output>
          </reporter-output>
        </test-method> <!-- teardown -->
      </class> <!-- TestLogin.CredentialsTest -->
      <class name="Testsales.Testsalesperson">
        <test-method is-config="true" signature="Setup(java.lang.String)[pri:0, instance:Testsales.Testsalesperson@32ee6fee]" started-at="2021-05-28T18:58:44 IST" name="Setup" finished-at="2021-05-28T18:58:45 IST" duration-ms="1845" status="PASS">
          <params>
            <param index="0">
              <value>
                <![CDATA[Edge]]>
              </value>
            </param>
          </params>
          <reporter-output>
          </reporter-output>
        </test-method> <!-- Setup -->
        <test-method signature="Login(java.lang.String,java.lang.String,java.lang.String)[pri:1, instance:Testsales.Testsalesperson@32ee6fee]" started-at="2021-05-28T18:58:45 IST" name="Login" finished-at="2021-05-28T18:58:47 IST" duration-ms="1619" status="PASS">
          <params>
            <param index="0">
              <value>
                <![CDATA[http://apps.qaplanet.in/erp/index.php]]>
              </value>
            </param>
            <param index="1">
              <value>
                <![CDATA[qaplanet1]]>
              </value>
            </param>
            <param index="2">
              <value>
                <![CDATA[lab1]]>
              </value>
            </param>
          </params>
          <reporter-output>
          </reporter-output>
        </test-method> <!-- Login -->
        <test-method signature="AddSalesperson()[pri:2, instance:Testsales.Testsalesperson@32ee6fee]" started-at="2021-05-28T18:58:47 IST" name="AddSalesperson" finished-at="2021-05-28T18:58:50 IST" duration-ms="3016" status="PASS">
          <reporter-output>
          </reporter-output>
        </test-method> <!-- AddSalesperson -->
        <test-method is-config="true" signature="Closebrowser()[pri:0, instance:Testsales.Testsalesperson@32ee6fee]" started-at="2021-05-28T18:58:50 IST" name="Closebrowser" finished-at="2021-05-28T18:58:50 IST" duration-ms="132" status="PASS">
          <reporter-output>
          </reporter-output>
        </test-method> <!-- Closebrowser -->
      </class> <!-- Testsales.Testsalesperson -->
      <class name="Testsales.Testsalesgroup">
        <test-method is-config="true" signature="LaunchBrowser(java.lang.String)[pri:0, instance:Testsales.Testsalesgroup@5562c41e]" started-at="2021-05-28T18:58:17 IST" name="LaunchBrowser" finished-at="2021-05-28T18:58:18 IST" duration-ms="1803" status="PASS">
          <params>
            <param index="0">
              <value>
                <![CDATA[Edge]]>
              </value>
            </param>
          </params>
          <reporter-output>
          </reporter-output>
        </test-method> <!-- LaunchBrowser -->
        <test-method signature="Login(java.lang.String,java.lang.String,java.lang.String)[pri:1, instance:Testsales.Testsalesgroup@5562c41e]" started-at="2021-05-28T18:58:18 IST" name="Login" finished-at="2021-05-28T18:58:30 IST" duration-ms="12073" status="PASS">
          <params>
            <param index="0">
              <value>
                <![CDATA[http://apps.qaplanet.in/erp/index.php]]>
              </value>
            </param>
            <param index="1">
              <value>
                <![CDATA[qaplanet1]]>
              </value>
            </param>
            <param index="2">
              <value>
                <![CDATA[lab1]]>
              </value>
            </param>
          </params>
          <reporter-output>
          </reporter-output>
        </test-method> <!-- Login -->
        <test-method is-config="true" signature="Closebrowser()[pri:0, instance:Testsales.Testsalesgroup@5562c41e]" started-at="2021-05-28T18:58:30 IST" name="Closebrowser" finished-at="2021-05-28T18:58:31 IST" duration-ms="248" status="PASS">
          <reporter-output>
          </reporter-output>
        </test-method> <!-- Closebrowser -->
        <test-method is-config="true" signature="LaunchBrowser(java.lang.String)[pri:0, instance:Testsales.Testsalesgroup@5562c41e]" started-at="2021-05-28T18:58:31 IST" name="LaunchBrowser" finished-at="2021-05-28T18:58:33 IST" duration-ms="1761" status="PASS">
          <params>
            <param index="0">
              <value>
                <![CDATA[Edge]]>
              </value>
            </param>
          </params>
          <reporter-output>
          </reporter-output>
        </test-method> <!-- LaunchBrowser -->
        <test-method signature="AddSalesgroup(java.lang.String,java.lang.String,java.lang.String)[pri:2, instance:Testsales.Testsalesgroup@5562c41e]" started-at="2021-05-28T18:58:33 IST" name="AddSalesgroup" finished-at="2021-05-28T18:58:44 IST" duration-ms="11020" status="PASS">
          <params>
            <param index="0">
              <value>
                <![CDATA[http://apps.qaplanet.in/erp/index.php]]>
              </value>
            </param>
            <param index="1">
              <value>
                <![CDATA[qaplanet1]]>
              </value>
            </param>
            <param index="2">
              <value>
                <![CDATA[lab1]]>
              </value>
            </param>
          </params>
          <reporter-output>
          </reporter-output>
        </test-method> <!-- AddSalesgroup -->
        <test-method is-config="true" signature="Closebrowser()[pri:0, instance:Testsales.Testsalesgroup@5562c41e]" started-at="2021-05-28T18:58:44 IST" name="Closebrowser" finished-at="2021-05-28T18:58:44 IST" duration-ms="113" status="PASS">
          <reporter-output>
          </reporter-output>
        </test-method> <!-- Closebrowser -->
      </class> <!-- Testsales.Testsalesgroup -->
    </test> <!-- Testsales -->
    <test started-at="2021-05-28T18:58:50 IST" name="BankingandLedger" finished-at="2021-05-28T18:58:56 IST" duration-ms="5911">
      <class name="BankingandLedger.BankAccountsTest">
        <test-method is-config="true" signature="Setup(java.lang.String)[pri:0, instance:BankingandLedger.BankAccountsTest@28f2a10f]" started-at="2021-05-28T18:58:50 IST" name="Setup" finished-at="2021-05-28T18:58:52 IST" duration-ms="1512" status="PASS">
          <params>
            <param index="0">
              <value>
                <![CDATA[Edge]]>
              </value>
            </param>
          </params>
          <reporter-output>
          </reporter-output>
        </test-method> <!-- Setup -->
        <test-method signature="login()[pri:1, instance:BankingandLedger.BankAccountsTest@28f2a10f]" started-at="2021-05-28T18:58:52 IST" name="login" finished-at="2021-05-28T18:58:53 IST" duration-ms="1558" status="PASS">
          <reporter-output>
          </reporter-output>
        </test-method> <!-- login -->
        <test-method signature="AddBankAccounts()[pri:2, instance:BankingandLedger.BankAccountsTest@28f2a10f]" started-at="2021-05-28T18:58:53 IST" name="AddBankAccounts" finished-at="2021-05-28T18:58:56 IST" duration-ms="2674" status="PASS">
          <reporter-output>
          </reporter-output>
        </test-method> <!-- AddBankAccounts -->
        <test-method is-config="true" signature="teardown()[pri:0, instance:BankingandLedger.BankAccountsTest@28f2a10f]" started-at="2021-05-28T18:58:56 IST" name="teardown" finished-at="2021-05-28T18:58:56 IST" duration-ms="162" status="PASS">
          <reporter-output>
          </reporter-output>
        </test-method> <!-- teardown -->
      </class> <!-- BankingandLedger.BankAccountsTest -->
    </test> <!-- BankingandLedger -->
  </suite> <!-- Suite -->
</testng-results>
