<?xml version="1.0" encoding="UTF-8"?>
<testsuite xmlns:xsi="http://www.w3.org/2001/XMLSchema-instance" xsi:noNamespaceSchemaLocation="https://maven.apache.org/surefire/maven-surefire-plugin/xsd/surefire-test-report-3.0.xsd" version="3.0" name="TestSuite" time="104.36" tests="23" errors="0" skipped="0" failures="0">
  <properties>
[...]
</properties>
  <testcase name="Login[http://apps.qaplanet.in/erp/index.php](1)" classname="TestItemandInventory.InventorylocationsTest" time="4.546">
    <system-out><![CDATA[The test method execution is started=Login
]]></system-out>
    <system-err><![CDATA[SLF4J: Failed to load class "org.slf4j.impl.StaticLoggerBinder".
SLF4J: Defaulting to no-operation (NOP) logger implementation
SLF4J: See http://www.slf4j.org/codes.html#StaticLoggerBinder for further details.
Starting ChromeDriver 89.0.4389.23 (61b08ee2c50024bab004e48d2b1b083cdbdac579-refs/branch-heads/4389@{#294}) on port 22623
Only local connections are allowed.
Please see https://chromedriver.chromium.org/security-considerations for suggestions on keeping ChromeDriver safe.
ChromeDriver was started successfully.
Apr 04, 2021 12:53:06 PM org.openqa.selenium.remote.ProtocolHandshake createSession
INFO: Detected dialect: W3C
]]></system-err>
  </testcase>
  <testcase name="AddInventoryLocation" classname="TestItemandInventory.InventorylocationsTest" time="2.76">
    <system-out><![CDATA[The test method execution is successful=Login
The test method execution is started=AddInventoryLocation
]]></system-out>
  </testcase>
  <testcase name="login[http://apps.qaplanet.in/erp/index.php](1)" classname="TestItemandInventory.UnitofmeasureTest" time="2.859">
    <system-out><![CDATA[The test method execution is successful=AddInventoryLocation
The test method execution is started=login
]]></system-out>
    <system-err><![CDATA[Starting ChromeDriver 89.0.4389.23 (61b08ee2c50024bab004e48d2b1b083cdbdac579-refs/branch-heads/4389@{#294}) on port 8589
Only local connections are allowed.
Please see https://chromedriver.chromium.org/security-considerations for suggestions on keeping ChromeDriver safe.
ChromeDriver was started successfully.
Apr 04, 2021 12:53:16 PM org.openqa.selenium.remote.ProtocolHandshake createSession
INFO: Detected dialect: W3C
]]></system-err>
  </testcase>
  <testcase name="AddUnitofMeasure" classname="TestItemandInventory.UnitofmeasureTest" time="1.785">
    <system-out><![CDATA[The test method execution is successful=login
The test method execution is started=AddUnitofMeasure
]]></system-out>
  </testcase>
  <testcase name="TestLogin[http://apps.qaplanet.in/erp/index.php](1)" classname="TestItemandInventory.InventoryTest" time="3.179">
    <system-out><![CDATA[The test method execution is successful=AddUnitofMeasure
The test method execution is started=TestLogin
]]></system-out>
    <system-err><![CDATA[Starting ChromeDriver 89.0.4389.23 (61b08ee2c50024bab004e48d2b1b083cdbdac579-refs/branch-heads/4389@{#294}) on port 42203
Only local connections are allowed.
Please see https://chromedriver.chromium.org/security-considerations for suggestions on keeping ChromeDriver safe.
ChromeDriver was started successfully.
Apr 04, 2021 12:53:22 PM org.openqa.selenium.remote.ProtocolHandshake createSession
INFO: Detected dialect: W3C
]]></system-err>
  </testcase>
  <testcase name="TestAddInventoryLocation" classname="TestItemandInventory.InventoryTest" time="2.184">
    <system-out><![CDATA[The test method execution is successful=TestLogin
The test method execution is started=TestAddInventoryLocation
]]></system-out>
  </testcase>
  <testcase name="TestAddUnitofMeasure" classname="TestItemandInventory.InventoryTest" time="1.785">
    <system-out><![CDATA[The test method execution is successful=TestAddInventoryLocation
The test method execution is started=TestAddUnitofMeasure
]]></system-out>
  </testcase>
  <testcase name="login[http://apps.qaplanet.in/erp/index.php](1)" classname="TestItemandInventory.ItemsTest" time="2.765">
    <system-out><![CDATA[The test method execution is successful=TestAddUnitofMeasure
The test method execution is started=login
]]></system-out>
    <system-err><![CDATA[Starting ChromeDriver 89.0.4389.23 (61b08ee2c50024bab004e48d2b1b083cdbdac579-refs/branch-heads/4389@{#294}) on port 4341
Only local connections are allowed.
Please see https://chromedriver.chromium.org/security-considerations for suggestions on keeping ChromeDriver safe.
ChromeDriver was started successfully.
Apr 04, 2021 12:53:30 PM org.openqa.selenium.remote.ProtocolHandshake createSession
INFO: Detected dialect: W3C
]]></system-err>
  </testcase>
  <testcase name="AddItem" classname="TestItemandInventory.ItemsTest" time="8.872">
    <system-out><![CDATA[The test method execution is successful=login
The test method execution is started=AddItem
]]></system-out>
  </testcase>
  <testcase name="Launchbrowser[http://apps.qaplanet.in/erp/index.php](1)" classname="Testsales.TestLogin" time="3.287">
    <system-out><![CDATA[The test method execution is successful=AddItem
This is onFinish method=[ResultMap map=[[TestResult name=AddUnitofMeasure status=SUCCESS method=UnitofmeasureTest.AddUnitofMeasure()[pri:2, instance:TestItemandInventory.UnitofmeasureTest@5ace1ed4] output={null}], [TestResult name=TestLogin status=SUCCESS method=InventoryTest.TestLogin(java.lang.String)[pri:1, instance:TestItemandInventory.InventoryTest@4e096385] output={null}], [TestResult name=login status=SUCCESS method=ItemsTest.login(java.lang.String)[pri:1, instance:TestItemandInventory.ItemsTest@649bec2e] output={null}], [TestResult name=AddInventoryLocation status=SUCCESS method=InventorylocationsTest.AddInventoryLocation()[pri:2, instance:TestItemandInventory.InventorylocationsTest@625732] output={null}], [TestResult name=login status=SUCCESS method=UnitofmeasureTest.login(java.lang.String)[pri:1, instance:TestItemandInventory.UnitofmeasureTest@5ace1ed4] output={null}], [TestResult name=Login status=SUCCESS method=InventorylocationsTest.Login(java.lang.String)[pri:1, instance:TestItemandInventory.InventorylocationsTest@625732] output={null}], [TestResult name=TestAddInventoryLocation status=SUCCESS method=InventoryTest.TestAddInventoryLocation()[pri:2, instance:TestItemandInventory.InventoryTest@4e096385] output={null}], [TestResult name=AddItem status=SUCCESS method=ItemsTest.AddItem()[pri:2, instance:TestItemandInventory.ItemsTest@649bec2e] output={null}], [TestResult name=TestAddUnitofMeasure status=SUCCESS method=InventoryTest.TestAddUnitofMeasure()[pri:4, instance:TestItemandInventory.InventoryTest@4e096385] output={null}]]]
This is onFinish method=[ResultMap map=[]]
The test method execution is started=Launchbrowser
]]></system-out>
    <system-err><![CDATA[Starting ChromeDriver 89.0.4389.23 (61b08ee2c50024bab004e48d2b1b083cdbdac579-refs/branch-heads/4389@{#294}) on port 3928
Only local connections are allowed.
Please see https://chromedriver.chromium.org/security-considerations for suggestions on keeping ChromeDriver safe.
ChromeDriver was started successfully.
Apr 04, 2021 12:53:43 PM org.openqa.selenium.remote.ProtocolHandshake createSession
INFO: Detected dialect: W3C
]]></system-err>
  </testcase>
  <testcase name="Login[qaplanet1, lab1](1)" classname="Testsales.TestLogin" time="2.458">
    <system-out><![CDATA[The test method execution is successful=Launchbrowser
The test method execution is started=Login
]]></system-out>
  </testcase>
  <testcase name="Logout" classname="Testsales.TestLogin" time="0.053">
    <system-out><![CDATA[The test method execution is successful=Login
The test method execution is started=Logout
]]></system-out>
  </testcase>
  <testcase name="TestvalidateLogin[qaplanet1, lab1](1)" classname="TestLogin.CredentialsTest" time="3.578">
    <system-out><![CDATA[The test method execution is successful=Logout
The test method execution is started=TestvalidateLogin
Invalid credentials
]]></system-out>
    <system-err><![CDATA[Starting ChromeDriver 89.0.4389.23 (61b08ee2c50024bab004e48d2b1b083cdbdac579-refs/branch-heads/4389@{#294}) on port 33830
Only local connections are allowed.
Please see https://chromedriver.chromium.org/security-considerations for suggestions on keeping ChromeDriver safe.
ChromeDriver was started successfully.
Apr 04, 2021 12:53:49 PM org.openqa.selenium.remote.ProtocolHandshake createSession
INFO: Detected dialect: W3C
]]></system-err>
  </testcase>
  <testcase name="TestvalidateLogin[qaplanet, lab1](2)" classname="TestLogin.CredentialsTest" time="1.566">
    <system-out><![CDATA[The test method execution is successful=TestvalidateLogin
The test method execution is started=TestvalidateLogin
Invalid credentials
]]></system-out>
    <system-err><![CDATA[Starting ChromeDriver 89.0.4389.23 (61b08ee2c50024bab004e48d2b1b083cdbdac579-refs/branch-heads/4389@{#294}) on port 14778
Only local connections are allowed.
Please see https://chromedriver.chromium.org/security-considerations for suggestions on keeping ChromeDriver safe.
ChromeDriver was started successfully.
Apr 04, 2021 12:53:53 PM org.openqa.selenium.remote.ProtocolHandshake createSession
INFO: Detected dialect: W3C
]]></system-err>
  </testcase>
  <testcase name="TestvalidateLogin[qaplanet1, lab](3)" classname="TestLogin.CredentialsTest" time="2.805">
    <system-out><![CDATA[The test method execution is successful=TestvalidateLogin
The test method execution is started=TestvalidateLogin
Invalid credentials
]]></system-out>
    <system-err><![CDATA[Starting ChromeDriver 89.0.4389.23 (61b08ee2c50024bab004e48d2b1b083cdbdac579-refs/branch-heads/4389@{#294}) on port 36200
Only local connections are allowed.
Please see https://chromedriver.chromium.org/security-considerations for suggestions on keeping ChromeDriver safe.
ChromeDriver was started successfully.
Apr 04, 2021 12:53:56 PM org.openqa.selenium.remote.ProtocolHandshake createSession
INFO: Detected dialect: W3C
]]></system-err>
  </testcase>
  <testcase name="Login[http://apps.qaplanet.in/erp/index.php, qaplanet1, lab1](1)" classname="Testsales.Testsalestype" time="8.073">
    <system-out><![CDATA[The test method execution is successful=TestvalidateLogin
The test method execution is started=Login
]]></system-out>
    <system-err><![CDATA[Starting ChromeDriver 89.0.4389.23 (61b08ee2c50024bab004e48d2b1b083cdbdac579-refs/branch-heads/4389@{#294}) on port 2210
Only local connections are allowed.
Please see https://chromedriver.chromium.org/security-considerations for suggestions on keeping ChromeDriver safe.
ChromeDriver was started successfully.
Apr 04, 2021 12:54:00 PM org.openqa.selenium.remote.ProtocolHandshake createSession
INFO: Detected dialect: W3C
]]></system-err>
  </testcase>
  <testcase name="AddSalestype" classname="Testsales.Testsalestype" time="1.239">
    <system-out><![CDATA[The test method execution is successful=Login
The test method execution is started=AddSalestype
]]></system-out>
  </testcase>
  <testcase name="Login[http://apps.qaplanet.in/erp/index.php, qaplanet1, lab1](1)" classname="Testsales.Testsalesgroup" time="13.68">
    <system-out><![CDATA[The test method execution is successful=AddSalestype
The test method execution is started=Login
]]></system-out>
    <system-err><![CDATA[Starting ChromeDriver 89.0.4389.23 (61b08ee2c50024bab004e48d2b1b083cdbdac579-refs/branch-heads/4389@{#294}) on port 29731
Only local connections are allowed.
Please see https://chromedriver.chromium.org/security-considerations for suggestions on keeping ChromeDriver safe.
ChromeDriver was started successfully.
Apr 04, 2021 12:54:11 PM org.openqa.selenium.remote.ProtocolHandshake createSession
INFO: Detected dialect: W3C
]]></system-err>
  </testcase>
  <testcase name="AddSalesgroup[http://apps.qaplanet.in/erp/index.php, qaplanet1, lab1](1)" classname="Testsales.Testsalesgroup" time="9.225">
    <system-out><![CDATA[The test method execution is successful=Login
The test method execution is started=AddSalesgroup
]]></system-out>
    <system-err><![CDATA[Starting ChromeDriver 89.0.4389.23 (61b08ee2c50024bab004e48d2b1b083cdbdac579-refs/branch-heads/4389@{#294}) on port 11071
Only local connections are allowed.
Please see https://chromedriver.chromium.org/security-considerations for suggestions on keeping ChromeDriver safe.
ChromeDriver was started successfully.
Apr 04, 2021 12:54:26 PM org.openqa.selenium.remote.ProtocolHandshake createSession
INFO: Detected dialect: W3C
]]></system-err>
  </testcase>
  <testcase name="Login[http://apps.qaplanet.in/erp/index.php, qaplanet1, lab1](1)" classname="Testsales.Testsalesperson" time="2.481">
    <system-out><![CDATA[The test method execution is successful=AddSalesgroup
The test method execution is started=Login
]]></system-out>
    <system-err><![CDATA[Starting ChromeDriver 89.0.4389.23 (61b08ee2c50024bab004e48d2b1b083cdbdac579-refs/branch-heads/4389@{#294}) on port 38801
Only local connections are allowed.
Please see https://chromedriver.chromium.org/security-considerations for suggestions on keeping ChromeDriver safe.
ChromeDriver was started successfully.
Apr 04, 2021 12:54:36 PM org.openqa.selenium.remote.ProtocolHandshake createSession
INFO: Detected dialect: W3C
]]></system-err>
  </testcase>
  <testcase name="AddSalesperson" classname="Testsales.Testsalesperson" time="2.419">
    <system-out><![CDATA[The test method execution is successful=Login
The test method execution is started=AddSalesperson
]]></system-out>
  </testcase>
  <testcase name="login" classname="BankingandLedger.BankAccountsTest" time="3.739">
    <system-out><![CDATA[The test method execution is successful=AddSalesperson
This is onFinish method=[ResultMap map=[[TestResult name=Logout status=SUCCESS method=TestLogin.Logout()[pri:3, instance:Testsales.TestLogin@383bfa16] output={null}], [TestResult name=AddSalestype status=SUCCESS method=Testsalestype.AddSalestype()[pri:2, instance:Testsales.Testsalestype@53fdffa1] output={null}], [TestResult name=TestvalidateLogin status=SUCCESS method=CredentialsTest.TestvalidateLogin(java.lang.String,java.lang.String)[pri:0, instance:TestLogin.CredentialsTest@4d465b11] output={null}], [TestResult name=Login status=SUCCESS method=Testsalesperson.Login(java.lang.String,java.lang.String,java.lang.String)[pri:1, instance:Testsales.Testsalesperson@32ee6fee] output={null}], [TestResult name=Launchbrowser status=SUCCESS method=TestLogin.Launchbrowser(java.lang.String)[pri:1, instance:Testsales.TestLogin@383bfa16] output={null}], [TestResult name=Login status=SUCCESS method=Testsalesgroup.Login(java.lang.String,java.lang.String,java.lang.String)[pri:1, instance:Testsales.Testsalesgroup@5562c41e] output={null}], [TestResult name=Login status=SUCCESS method=TestLogin.Login(java.lang.String,java.lang.String)[pri:2, instance:Testsales.TestLogin@383bfa16] output={null}], [TestResult name=AddSalesgroup status=SUCCESS method=Testsalesgroup.AddSalesgroup(java.lang.String,java.lang.String,java.lang.String)[pri:2, instance:Testsales.Testsalesgroup@5562c41e] output={null}], [TestResult name=Login status=SUCCESS method=Testsalestype.Login(java.lang.String,java.lang.String,java.lang.String)[pri:1, instance:Testsales.Testsalestype@53fdffa1] output={null}], [TestResult name=AddSalesperson status=SUCCESS method=Testsalesperson.AddSalesperson()[pri:2, instance:Testsales.Testsalesperson@32ee6fee] output={null}], [TestResult name=TestvalidateLogin status=SUCCESS method=CredentialsTest.TestvalidateLogin(java.lang.String,java.lang.String)[pri:0, instance:TestLogin.CredentialsTest@4d465b11] output={null}], [TestResult name=TestvalidateLogin status=SUCCESS method=CredentialsTest.TestvalidateLogin(java.lang.String,java.lang.String)[pri:0, instance:TestLogin.CredentialsTest@4d465b11] output={null}]]]
This is onFinish method=[ResultMap map=[]]
The test method execution is started=login
]]></system-out>
    <system-err><![CDATA[Starting ChromeDriver 89.0.4389.23 (61b08ee2c50024bab004e48d2b1b083cdbdac579-refs/branch-heads/4389@{#294}) on port 25375
Only local connections are allowed.
Please see https://chromedriver.chromium.org/security-considerations for suggestions on keeping ChromeDriver safe.
ChromeDriver was started successfully.
Apr 04, 2021 12:54:43 PM org.openqa.selenium.remote.ProtocolHandshake createSession
INFO: Detected dialect: W3C
]]></system-err>
  </testcase>
  <testcase name="AddBankAccounts" classname="BankingandLedger.BankAccountsTest" time="1.958">
    <system-out><![CDATA[The test method execution is successful=login
The test method execution is started=AddBankAccounts
]]></system-out>
  </testcase>
</testsuite>