<?xml version="1.0" encoding="UTF-8"?>
<testsuite xmlns:xsi="http://www.w3.org/2001/XMLSchema-instance" xsi:noNamespaceSchemaLocation="https://maven.apache.org/surefire/maven-surefire-plugin/xsd/surefire-test-report-3.0.xsd" version="3.0" name="TestSuite" time="96.584" tests="24" errors="0" skipped="0" failures="4">
  <properties>
[...]
</properties>
  <testcase name="Login[http://apps.qaplanet.in/erp/index.php](1)" classname="TestItemandInventory.InventorylocationsTest" time="2.207">
    <system-out><![CDATA[The test method execution is started=Login
]]></system-out>
    <system-err><![CDATA[SLF4J: Failed to load class "org.slf4j.impl.StaticLoggerBinder".
SLF4J: Defaulting to no-operation (NOP) logger implementation
SLF4J: See http://www.slf4j.org/codes.html#StaticLoggerBinder for further details.
Starting ChromeDriver 90.0.4430.24 (4c6d850f087da467d926e8eddb76550aed655991-refs/branch-heads/4430@{#429}) on port 6624
Only local connections are allowed.
Please see https://chromedriver.chromium.org/security-considerations for suggestions on keeping ChromeDriver safe.
ChromeDriver was started successfully.
May 19, 2021 4:29:35 PM org.openqa.selenium.remote.ProtocolHandshake createSession
INFO: Detected dialect: W3C
]]></system-err>
  </testcase>
  <testcase name="AddInventoryLocation" classname="TestItemandInventory.InventorylocationsTest" time="2.933">
    <system-out><![CDATA[The test method execution is successful=Login
The test method execution is started=AddInventoryLocation
]]></system-out>
  </testcase>
  <testcase name="login[http://apps.qaplanet.in/erp/index.php](1)" classname="TestItemandInventory.UnitofmeasureTest" time="2.15">
    <system-out><![CDATA[The test method execution is successful=AddInventoryLocation
The test method execution is started=login
]]></system-out>
    <system-err><![CDATA[Starting ChromeDriver 90.0.4430.24 (4c6d850f087da467d926e8eddb76550aed655991-refs/branch-heads/4430@{#429}) on port 39816
Only local connections are allowed.
Please see https://chromedriver.chromium.org/security-considerations for suggestions on keeping ChromeDriver safe.
ChromeDriver was started successfully.
May 19, 2021 4:29:43 PM org.openqa.selenium.remote.ProtocolHandshake createSession
INFO: Detected dialect: W3C
]]></system-err>
  </testcase>
  <testcase name="AddUnitofMeasure" classname="TestItemandInventory.UnitofmeasureTest" time="4.897">
    <system-out><![CDATA[The test method execution is successful=login
The test method execution is started=AddUnitofMeasure
]]></system-out>
  </testcase>
  <testcase name="Logout" classname="TestItemandInventory.UnitofmeasureTest" time="0.413">
    <system-out><![CDATA[The test method execution is successful=AddUnitofMeasure
The test method execution is started=Logout
]]></system-out>
  </testcase>
  <testcase name="TestLogin[http://apps.qaplanet.in/erp/index.php](1)" classname="TestItemandInventory.InventoryTest" time="1.593">
    <system-out><![CDATA[The test method execution is successful=Logout
The test method execution is started=TestLogin
]]></system-out>
    <system-err><![CDATA[Starting ChromeDriver 90.0.4430.24 (4c6d850f087da467d926e8eddb76550aed655991-refs/branch-heads/4430@{#429}) on port 24487
Only local connections are allowed.
Please see https://chromedriver.chromium.org/security-considerations for suggestions on keeping ChromeDriver safe.
ChromeDriver was started successfully.
May 19, 2021 4:29:52 PM org.openqa.selenium.remote.ProtocolHandshake createSession
INFO: Detected dialect: W3C
]]></system-err>
  </testcase>
  <testcase name="TestAddInventoryLocation" classname="TestItemandInventory.InventoryTest" time="2.715">
    <failure message="stale element reference: element is not attached to the page document&#10;  (Session info: chrome=90.0.4430.212)&#10;For documentation on this error, please visit: https://www.seleniumhq.org/exceptions/stale_element_reference.html&#10;Build info: version: &apos;3.141.59&apos;, revision: &apos;e82be7d358&apos;, time: &apos;2018-11-14T08:17:03&apos;&#10;System info: host: &apos;LAPTOP-TPUJHBBQ&apos;, ip: &apos;192.168.0.178&apos;, os.name: &apos;Windows 10&apos;, os.arch: &apos;amd64&apos;, os.version: &apos;10.0&apos;, java.version: &apos;11.0.8&apos;&#10;Driver info: org.openqa.selenium.chrome.ChromeDriver&#10;Capabilities {acceptInsecureCerts: false, browserName: chrome, browserVersion: 90.0.4430.212, chrome: {chromedriverVersion: 90.0.4430.24 (4c6d850f087da..., userDataDir: C:\Users\CVVIVE~1\AppData\L...}, goog:chromeOptions: {debuggerAddress: localhost:60006}, javascriptEnabled: true, networkConnectionEnabled: false, pageLoadStrategy: normal, platform: WINDOWS, platformName: WINDOWS, proxy: Proxy(), setWindowRect: true, strictFileInteractability: false, timeouts: {implicit: 0, pageLoad: 300000, script: 30000}, unhandledPromptBehavior: dismiss and notify, webauthn:extension:largeBlob: true, webauthn:virtualAuthenticators: true}&#10;Session ID: 06bcb0855573f6a31296b95621939e27" type="org.openqa.selenium.StaleElementReferenceException"><![CDATA[org.openqa.selenium.StaleElementReferenceException: 
stale element reference: element is not attached to the page document
  (Session info: chrome=90.0.4430.212)
For documentation on this error, please visit: https://www.seleniumhq.org/exceptions/stale_element_reference.html
Build info: version: '3.141.59', revision: 'e82be7d358', time: '2018-11-14T08:17:03'
System info: host: 'LAPTOP-TPUJHBBQ', ip: '192.168.0.178', os.name: 'Windows 10', os.arch: 'amd64', os.version: '10.0', java.version: '11.0.8'
Driver info: org.openqa.selenium.chrome.ChromeDriver
Capabilities {acceptInsecureCerts: false, browserName: chrome, browserVersion: 90.0.4430.212, chrome: {chromedriverVersion: 90.0.4430.24 (4c6d850f087da..., userDataDir: C:\Users\CVVIVE~1\AppData\L...}, goog:chromeOptions: {debuggerAddress: localhost:60006}, javascriptEnabled: true, networkConnectionEnabled: false, pageLoadStrategy: normal, platform: WINDOWS, platformName: WINDOWS, proxy: Proxy(), setWindowRect: true, strictFileInteractability: false, timeouts: {implicit: 0, pageLoad: 300000, script: 30000}, unhandledPromptBehavior: dismiss and notify, webauthn:extension:largeBlob: true, webauthn:virtualAuthenticators: true}
Session ID: 06bcb0855573f6a31296b95621939e27
	at TestItemandInventory.InventoryTest.TestAddInventoryLocation(InventoryTest.java:72)
]]></failure>
    <system-out><![CDATA[The test method execution is successful=TestLogin
The test method execution is started=TestAddInventoryLocation
]]></system-out>
  </testcase>
  <testcase name="TestAddUnitofMeasure" classname="TestItemandInventory.InventoryTest" time="1.649">
    <system-out><![CDATA[The test method execution is failed=TestAddInventoryLocation
The test method execution is started=TestAddUnitofMeasure
]]></system-out>
  </testcase>
  <testcase name="login[http://apps.qaplanet.in/erp/index.php](1)" classname="TestItemandInventory.ItemsTest" time="1.854">
    <system-out><![CDATA[The test method execution is successful=TestAddUnitofMeasure
The test method execution is started=login
]]></system-out>
    <system-err><![CDATA[Starting ChromeDriver 90.0.4430.24 (4c6d850f087da467d926e8eddb76550aed655991-refs/branch-heads/4430@{#429}) on port 41426
Only local connections are allowed.
Please see https://chromedriver.chromium.org/security-considerations for suggestions on keeping ChromeDriver safe.
ChromeDriver was started successfully.
May 19, 2021 4:29:59 PM org.openqa.selenium.remote.ProtocolHandshake createSession
INFO: Detected dialect: W3C
]]></system-err>
  </testcase>
  <testcase name="AddItem" classname="TestItemandInventory.ItemsTest" time="2.502">
    <failure message="stale element reference: element is not attached to the page document&#10;  (Session info: chrome=90.0.4430.212)&#10;For documentation on this error, please visit: https://www.seleniumhq.org/exceptions/stale_element_reference.html&#10;Build info: version: &apos;3.141.59&apos;, revision: &apos;e82be7d358&apos;, time: &apos;2018-11-14T08:17:03&apos;&#10;System info: host: &apos;LAPTOP-TPUJHBBQ&apos;, ip: &apos;192.168.0.178&apos;, os.name: &apos;Windows 10&apos;, os.arch: &apos;amd64&apos;, os.version: &apos;10.0&apos;, java.version: &apos;11.0.8&apos;&#10;Driver info: org.openqa.selenium.chrome.ChromeDriver&#10;Capabilities {acceptInsecureCerts: false, browserName: chrome, browserVersion: 90.0.4430.212, chrome: {chromedriverVersion: 90.0.4430.24 (4c6d850f087da..., userDataDir: C:\Users\CVVIVE~1\AppData\L...}, goog:chromeOptions: {debuggerAddress: localhost:60023}, javascriptEnabled: true, networkConnectionEnabled: false, pageLoadStrategy: normal, platform: WINDOWS, platformName: WINDOWS, proxy: Proxy(), setWindowRect: true, strictFileInteractability: false, timeouts: {implicit: 0, pageLoad: 300000, script: 30000}, unhandledPromptBehavior: dismiss and notify, webauthn:extension:largeBlob: true, webauthn:virtualAuthenticators: true}&#10;Session ID: f3f79352f4b93e6286056b4329223530&#10;*** Element info: {Using=xpath, value=.//option[@value = &quot;ML&quot;]}" type="org.openqa.selenium.StaleElementReferenceException"><![CDATA[org.openqa.selenium.StaleElementReferenceException: 
stale element reference: element is not attached to the page document
  (Session info: chrome=90.0.4430.212)
For documentation on this error, please visit: https://www.seleniumhq.org/exceptions/stale_element_reference.html
Build info: version: '3.141.59', revision: 'e82be7d358', time: '2018-11-14T08:17:03'
System info: host: 'LAPTOP-TPUJHBBQ', ip: '192.168.0.178', os.name: 'Windows 10', os.arch: 'amd64', os.version: '10.0', java.version: '11.0.8'
Driver info: org.openqa.selenium.chrome.ChromeDriver
Capabilities {acceptInsecureCerts: false, browserName: chrome, browserVersion: 90.0.4430.212, chrome: {chromedriverVersion: 90.0.4430.24 (4c6d850f087da..., userDataDir: C:\Users\CVVIVE~1\AppData\L...}, goog:chromeOptions: {debuggerAddress: localhost:60023}, javascriptEnabled: true, networkConnectionEnabled: false, pageLoadStrategy: normal, platform: WINDOWS, platformName: WINDOWS, proxy: Proxy(), setWindowRect: true, strictFileInteractability: false, timeouts: {implicit: 0, pageLoad: 300000, script: 30000}, unhandledPromptBehavior: dismiss and notify, webauthn:extension:largeBlob: true, webauthn:virtualAuthenticators: true}
Session ID: f3f79352f4b93e6286056b4329223530
*** Element info: {Using=xpath, value=.//option[@value = "ML"]}
	at TestItemandInventory.ItemsTest.AddItem(ItemsTest.java:82)
]]></failure>
    <system-out><![CDATA[The test method execution is successful=login
The test method execution is started=AddItem
]]></system-out>
  </testcase>
  <testcase name="Launchbrowser[Chrome, http://apps.qaplanet.in/erp/index.php](1)" classname="Testsales.TestLogin" time="2.418">
    <system-out><![CDATA[The test method execution is failed=AddItem
This is onFinish method=[ResultMap map=[[TestResult name=Logout status=SUCCESS method=UnitofmeasureTest.Logout()[pri:3, instance:TestItemandInventory.UnitofmeasureTest@4e096385] output={null}], [TestResult name=TestLogin status=SUCCESS method=InventoryTest.TestLogin(java.lang.String)[pri:1, instance:TestItemandInventory.InventoryTest@34f5090e] output={null}], [TestResult name=TestAddUnitofMeasure status=SUCCESS method=InventoryTest.TestAddUnitofMeasure()[pri:4, instance:TestItemandInventory.InventoryTest@34f5090e] output={null}], [TestResult name=Login status=SUCCESS method=InventorylocationsTest.Login(java.lang.String)[pri:1, instance:TestItemandInventory.InventorylocationsTest@cad498c] output={null}], [TestResult name=login status=SUCCESS method=ItemsTest.login(java.lang.String)[pri:1, instance:TestItemandInventory.ItemsTest@31e5415e] output={null}], [TestResult name=AddUnitofMeasure status=SUCCESS method=UnitofmeasureTest.AddUnitofMeasure()[pri:2, instance:TestItemandInventory.UnitofmeasureTest@4e096385] output={null}], [TestResult name=login status=SUCCESS method=UnitofmeasureTest.login(java.lang.String)[pri:1, instance:TestItemandInventory.UnitofmeasureTest@4e096385] output={null}], [TestResult name=AddInventoryLocation status=SUCCESS method=InventorylocationsTest.AddInventoryLocation()[pri:2, instance:TestItemandInventory.InventorylocationsTest@cad498c] output={null}]]]
This is onFinish method=[ResultMap map=[[TestResult name=AddItem status=FAILURE method=ItemsTest.AddItem()[pri:2, instance:TestItemandInventory.ItemsTest@31e5415e] output={null}], [TestResult name=TestAddInventoryLocation status=FAILURE method=InventoryTest.TestAddInventoryLocation()[pri:2, instance:TestItemandInventory.InventoryTest@34f5090e] output={null}]]]
The test method execution is started=Launchbrowser
]]></system-out>
    <system-err><![CDATA[Starting ChromeDriver 90.0.4430.24 (4c6d850f087da467d926e8eddb76550aed655991-refs/branch-heads/4430@{#429}) on port 9503
Only local connections are allowed.
Please see https://chromedriver.chromium.org/security-considerations for suggestions on keeping ChromeDriver safe.
ChromeDriver was started successfully.
May 19, 2021 4:30:06 PM org.openqa.selenium.remote.ProtocolHandshake createSession
INFO: Detected dialect: W3C
]]></system-err>
  </testcase>
  <testcase name="Login[qaplanet1, lab1](1)" classname="Testsales.TestLogin" time="1.092">
    <system-out><![CDATA[The test method execution is successful=Launchbrowser
The test method execution is started=Login
]]></system-out>
  </testcase>
  <testcase name="Logout" classname="Testsales.TestLogin" time="0.104">
    <system-out><![CDATA[The test method execution is successful=Login
The test method execution is started=Logout
]]></system-out>
  </testcase>
  <testcase name="TestvalidateLogin[qaplanet1, lab1](1)" classname="TestLogin.CredentialsTest" time="1.842">
    <system-out><![CDATA[The test method execution is successful=Logout
The test method execution is started=TestvalidateLogin
Invalid credentials
]]></system-out>
    <system-err><![CDATA[Starting ChromeDriver 90.0.4430.24 (4c6d850f087da467d926e8eddb76550aed655991-refs/branch-heads/4430@{#429}) on port 15909
Only local connections are allowed.
Please see https://chromedriver.chromium.org/security-considerations for suggestions on keeping ChromeDriver safe.
ChromeDriver was started successfully.
May 19, 2021 4:30:09 PM org.openqa.selenium.remote.ProtocolHandshake createSession
INFO: Detected dialect: W3C
]]></system-err>
  </testcase>
  <testcase name="TestvalidateLogin[qaplanet, lab1](2)" classname="TestLogin.CredentialsTest" time="3.426">
    <system-out><![CDATA[The test method execution is successful=TestvalidateLogin
The test method execution is started=TestvalidateLogin
Invalid credentials
]]></system-out>
    <system-err><![CDATA[Starting ChromeDriver 90.0.4430.24 (4c6d850f087da467d926e8eddb76550aed655991-refs/branch-heads/4430@{#429}) on port 40891
Only local connections are allowed.
Please see https://chromedriver.chromium.org/security-considerations for suggestions on keeping ChromeDriver safe.
ChromeDriver was started successfully.
May 19, 2021 4:30:17 PM org.openqa.selenium.remote.ProtocolHandshake createSession
INFO: Detected dialect: W3C
]]></system-err>
  </testcase>
  <testcase name="TestvalidateLogin[qaplanet1, lab](3)" classname="TestLogin.CredentialsTest" time="1.444">
    <system-out><![CDATA[The test method execution is successful=TestvalidateLogin
The test method execution is started=TestvalidateLogin
Invalid credentials
]]></system-out>
    <system-err><![CDATA[Starting ChromeDriver 90.0.4430.24 (4c6d850f087da467d926e8eddb76550aed655991-refs/branch-heads/4430@{#429}) on port 33696
Only local connections are allowed.
Please see https://chromedriver.chromium.org/security-considerations for suggestions on keeping ChromeDriver safe.
ChromeDriver was started successfully.
May 19, 2021 4:30:22 PM org.openqa.selenium.remote.ProtocolHandshake createSession
INFO: Detected dialect: W3C
]]></system-err>
  </testcase>
  <testcase name="Login[http://apps.qaplanet.in/erp/index.php, qaplanet1, lab1](1)" classname="Testsales.Testsalestype" time="2.066">
    <system-out><![CDATA[The test method execution is successful=TestvalidateLogin
The test method execution is started=Login
]]></system-out>
    <system-err><![CDATA[Starting ChromeDriver 90.0.4430.24 (4c6d850f087da467d926e8eddb76550aed655991-refs/branch-heads/4430@{#429}) on port 39195
Only local connections are allowed.
Please see https://chromedriver.chromium.org/security-considerations for suggestions on keeping ChromeDriver safe.
ChromeDriver was started successfully.
May 19, 2021 4:30:25 PM org.openqa.selenium.remote.ProtocolHandshake createSession
INFO: Detected dialect: W3C
]]></system-err>
  </testcase>
  <testcase name="AddSalestype" classname="Testsales.Testsalestype" time="1.892">
    <failure message="stale element reference: element is not attached to the page document&#10;  (Session info: chrome=90.0.4430.212)&#10;For documentation on this error, please visit: https://www.seleniumhq.org/exceptions/stale_element_reference.html&#10;Build info: version: &apos;3.141.59&apos;, revision: &apos;e82be7d358&apos;, time: &apos;2018-11-14T08:17:03&apos;&#10;System info: host: &apos;LAPTOP-TPUJHBBQ&apos;, ip: &apos;192.168.0.178&apos;, os.name: &apos;Windows 10&apos;, os.arch: &apos;amd64&apos;, os.version: &apos;10.0&apos;, java.version: &apos;11.0.8&apos;&#10;Driver info: org.openqa.selenium.chrome.ChromeDriver&#10;Capabilities {acceptInsecureCerts: false, browserName: chrome, browserVersion: 90.0.4430.212, chrome: {chromedriverVersion: 90.0.4430.24 (4c6d850f087da..., userDataDir: C:\Users\CVVIVE~1\AppData\L...}, goog:chromeOptions: {debuggerAddress: localhost:60117}, javascriptEnabled: true, networkConnectionEnabled: false, pageLoadStrategy: normal, platform: WINDOWS, platformName: WINDOWS, proxy: Proxy(), setWindowRect: true, strictFileInteractability: false, timeouts: {implicit: 0, pageLoad: 300000, script: 30000}, unhandledPromptBehavior: dismiss and notify, webauthn:extension:largeBlob: true, webauthn:virtualAuthenticators: true}&#10;Session ID: 2dbec889a5d3f48a0b1fdb5d47421169" type="org.openqa.selenium.StaleElementReferenceException"><![CDATA[org.openqa.selenium.StaleElementReferenceException: 
stale element reference: element is not attached to the page document
  (Session info: chrome=90.0.4430.212)
For documentation on this error, please visit: https://www.seleniumhq.org/exceptions/stale_element_reference.html
Build info: version: '3.141.59', revision: 'e82be7d358', time: '2018-11-14T08:17:03'
System info: host: 'LAPTOP-TPUJHBBQ', ip: '192.168.0.178', os.name: 'Windows 10', os.arch: 'amd64', os.version: '10.0', java.version: '11.0.8'
Driver info: org.openqa.selenium.chrome.ChromeDriver
Capabilities {acceptInsecureCerts: false, browserName: chrome, browserVersion: 90.0.4430.212, chrome: {chromedriverVersion: 90.0.4430.24 (4c6d850f087da..., userDataDir: C:\Users\CVVIVE~1\AppData\L...}, goog:chromeOptions: {debuggerAddress: localhost:60117}, javascriptEnabled: true, networkConnectionEnabled: false, pageLoadStrategy: normal, platform: WINDOWS, platformName: WINDOWS, proxy: Proxy(), setWindowRect: true, strictFileInteractability: false, timeouts: {implicit: 0, pageLoad: 300000, script: 30000}, unhandledPromptBehavior: dismiss and notify, webauthn:extension:largeBlob: true, webauthn:virtualAuthenticators: true}
Session ID: 2dbec889a5d3f48a0b1fdb5d47421169
	at Testsales.Testsalestype.AddSalestype(Testsalestype.java:66)
]]></failure>
    <system-out><![CDATA[The test method execution is successful=Login
The test method execution is started=AddSalestype
]]></system-out>
  </testcase>
  <testcase name="Login[http://apps.qaplanet.in/erp/index.php, qaplanet1, lab1](1)" classname="Testsales.Testsalesgroup" time="12.739">
    <system-out><![CDATA[The test method execution is failed=AddSalestype
The test method execution is started=Login
]]></system-out>
    <system-err><![CDATA[Starting ChromeDriver 90.0.4430.24 (4c6d850f087da467d926e8eddb76550aed655991-refs/branch-heads/4430@{#429}) on port 30394
Only local connections are allowed.
Please see https://chromedriver.chromium.org/security-considerations for suggestions on keeping ChromeDriver safe.
ChromeDriver was started successfully.
May 19, 2021 4:30:31 PM org.openqa.selenium.remote.ProtocolHandshake createSession
INFO: Detected dialect: W3C
]]></system-err>
  </testcase>
  <testcase name="AddSalesgroup[http://apps.qaplanet.in/erp/index.php, qaplanet1, lab1](1)" classname="Testsales.Testsalesgroup" time="9.09">
    <system-out><![CDATA[The test method execution is successful=Login
The test method execution is started=AddSalesgroup
]]></system-out>
    <system-err><![CDATA[Starting ChromeDriver 90.0.4430.24 (4c6d850f087da467d926e8eddb76550aed655991-refs/branch-heads/4430@{#429}) on port 32762
Only local connections are allowed.
Please see https://chromedriver.chromium.org/security-considerations for suggestions on keeping ChromeDriver safe.
ChromeDriver was started successfully.
May 19, 2021 4:30:45 PM org.openqa.selenium.remote.ProtocolHandshake createSession
INFO: Detected dialect: W3C
]]></system-err>
  </testcase>
  <testcase name="Login[http://apps.qaplanet.in/erp/index.php, qaplanet1, lab1](1)" classname="Testsales.Testsalesperson" time="2.053">
    <system-out><![CDATA[The test method execution is successful=AddSalesgroup
The test method execution is started=Login
]]></system-out>
    <system-err><![CDATA[Starting ChromeDriver 90.0.4430.24 (4c6d850f087da467d926e8eddb76550aed655991-refs/branch-heads/4430@{#429}) on port 9092
Only local connections are allowed.
Please see https://chromedriver.chromium.org/security-considerations for suggestions on keeping ChromeDriver safe.
ChromeDriver was started successfully.
May 19, 2021 4:30:56 PM org.openqa.selenium.remote.ProtocolHandshake createSession
INFO: Detected dialect: W3C
]]></system-err>
  </testcase>
  <testcase name="AddSalesperson" classname="Testsales.Testsalesperson" time="2.321">
    <system-out><![CDATA[The test method execution is successful=Login
The test method execution is started=AddSalesperson
]]></system-out>
  </testcase>
  <testcase name="login" classname="BankingandLedger.BankAccountsTest" time="2.02">
    <system-out><![CDATA[The test method execution is successful=AddSalesperson
This is onFinish method=[ResultMap map=[[TestResult name=Login status=SUCCESS method=Testsalesgroup.Login(java.lang.String,java.lang.String,java.lang.String)[pri:1, instance:Testsales.Testsalesgroup@53fdffa1] output={null}], [TestResult name=Logout status=SUCCESS method=TestLogin.Logout()[pri:3, instance:Testsales.TestLogin@71def8f8] output={null}], [TestResult name=AddSalesperson status=SUCCESS method=Testsalesperson.AddSalesperson()[pri:2, instance:Testsales.Testsalesperson@5562c41e] output={null}], [TestResult name=TestvalidateLogin status=SUCCESS method=CredentialsTest.TestvalidateLogin(java.lang.String,java.lang.String)[pri:0, instance:TestLogin.CredentialsTest@383bfa16] output={null}], [TestResult name=Launchbrowser status=SUCCESS method=TestLogin.Launchbrowser(java.lang.String,java.lang.String)[pri:1, instance:Testsales.TestLogin@71def8f8] output={null}], [TestResult name=TestvalidateLogin status=SUCCESS method=CredentialsTest.TestvalidateLogin(java.lang.String,java.lang.String)[pri:0, instance:TestLogin.CredentialsTest@383bfa16] output={null}], [TestResult name=Login status=SUCCESS method=TestLogin.Login(java.lang.String,java.lang.String)[pri:2, instance:Testsales.TestLogin@71def8f8] output={null}], [TestResult name=TestvalidateLogin status=SUCCESS method=CredentialsTest.TestvalidateLogin(java.lang.String,java.lang.String)[pri:0, instance:TestLogin.CredentialsTest@383bfa16] output={null}], [TestResult name=Login status=SUCCESS method=Testsalestype.Login(java.lang.String,java.lang.String,java.lang.String)[pri:1, instance:Testsales.Testsalestype@4d465b11] output={null}], [TestResult name=AddSalesgroup status=SUCCESS method=Testsalesgroup.AddSalesgroup(java.lang.String,java.lang.String,java.lang.String)[pri:2, instance:Testsales.Testsalesgroup@53fdffa1] output={null}], [TestResult name=Login status=SUCCESS method=Testsalesperson.Login(java.lang.String,java.lang.String,java.lang.String)[pri:1, instance:Testsales.Testsalesperson@5562c41e] output={null}]]]
This is onFinish method=[ResultMap map=[[TestResult name=AddSalestype status=FAILURE method=Testsalestype.AddSalestype()[pri:2, instance:Testsales.Testsalestype@4d465b11] output={null}]]]
The test method execution is started=login
]]></system-out>
    <system-err><![CDATA[Starting ChromeDriver 90.0.4430.24 (4c6d850f087da467d926e8eddb76550aed655991-refs/branch-heads/4430@{#429}) on port 45731
Only local connections are allowed.
Please see https://chromedriver.chromium.org/security-considerations for suggestions on keeping ChromeDriver safe.
ChromeDriver was started successfully.
May 19, 2021 4:31:02 PM org.openqa.selenium.remote.ProtocolHandshake createSession
INFO: Detected dialect: W3C
]]></system-err>
  </testcase>
  <testcase name="AddBankAccounts" classname="BankingandLedger.BankAccountsTest" time="3.21">
    <failure message="stale element reference: element is not attached to the page document&#10;  (Session info: chrome=90.0.4430.212)&#10;For documentation on this error, please visit: https://www.seleniumhq.org/exceptions/stale_element_reference.html&#10;Build info: version: &apos;3.141.59&apos;, revision: &apos;e82be7d358&apos;, time: &apos;2018-11-14T08:17:03&apos;&#10;System info: host: &apos;LAPTOP-TPUJHBBQ&apos;, ip: &apos;192.168.0.178&apos;, os.name: &apos;Windows 10&apos;, os.arch: &apos;amd64&apos;, os.version: &apos;10.0&apos;, java.version: &apos;11.0.8&apos;&#10;Driver info: org.openqa.selenium.chrome.ChromeDriver&#10;Capabilities {acceptInsecureCerts: false, browserName: chrome, browserVersion: 90.0.4430.212, chrome: {chromedriverVersion: 90.0.4430.24 (4c6d850f087da..., userDataDir: C:\Users\CVVIVE~1\AppData\L...}, goog:chromeOptions: {debuggerAddress: localhost:60185}, javascriptEnabled: true, networkConnectionEnabled: false, pageLoadStrategy: normal, platform: WINDOWS, platformName: WINDOWS, proxy: Proxy(), setWindowRect: true, strictFileInteractability: false, timeouts: {implicit: 0, pageLoad: 300000, script: 30000}, unhandledPromptBehavior: dismiss and notify, webauthn:extension:largeBlob: true, webauthn:virtualAuthenticators: true}&#10;Session ID: 4bd521c1fff5f1b0198148217caa21fe" type="org.openqa.selenium.StaleElementReferenceException"><![CDATA[org.openqa.selenium.StaleElementReferenceException: 
stale element reference: element is not attached to the page document
  (Session info: chrome=90.0.4430.212)
For documentation on this error, please visit: https://www.seleniumhq.org/exceptions/stale_element_reference.html
Build info: version: '3.141.59', revision: 'e82be7d358', time: '2018-11-14T08:17:03'
System info: host: 'LAPTOP-TPUJHBBQ', ip: '192.168.0.178', os.name: 'Windows 10', os.arch: 'amd64', os.version: '10.0', java.version: '11.0.8'
Driver info: org.openqa.selenium.chrome.ChromeDriver
Capabilities {acceptInsecureCerts: false, browserName: chrome, browserVersion: 90.0.4430.212, chrome: {chromedriverVersion: 90.0.4430.24 (4c6d850f087da..., userDataDir: C:\Users\CVVIVE~1\AppData\L...}, goog:chromeOptions: {debuggerAddress: localhost:60185}, javascriptEnabled: true, networkConnectionEnabled: false, pageLoadStrategy: normal, platform: WINDOWS, platformName: WINDOWS, proxy: Proxy(), setWindowRect: true, strictFileInteractability: false, timeouts: {implicit: 0, pageLoad: 300000, script: 30000}, unhandledPromptBehavior: dismiss and notify, webauthn:extension:largeBlob: true, webauthn:virtualAuthenticators: true}
Session ID: 4bd521c1fff5f1b0198148217caa21fe
	at BankingandLedger.BankAccountsTest.AddBankAccounts(BankAccountsTest.java:72)
]]></failure>
    <system-out><![CDATA[The test method execution is successful=login
The test method execution is started=AddBankAccounts
]]></system-out>
  </testcase>
</testsuite>